#
# There is insufficient memory for the Java Runtime Environment to continue.
# Native memory allocation (mmap) failed to map 145752064 bytes for committing reserved memory.
# Possible reasons:
#   The system is out of physical RAM or swap space
#   The process is running with CompressedOops enabled, and the Java Heap may be blocking the growth of the native heap
# Possible solutions:
#   Reduce memory load on the system
#   Increase physical memory or swap space
#   Check if swap backing store is full
#   Decrease Java heap size (-Xmx/-Xms)
#   Decrease number of Java threads
#   Decrease Java thread stack sizes (-Xss)
#   Set larger code cache with -XX:ReservedCodeCacheSize=
#   JVM is running with Unscaled Compressed Oops mode in which the Java heap is
#     placed in the first 4GB address space. The Java Heap base address is the
#     maximum limit for the native heap growth. Please use -XX:HeapBaseMinAddress
#     to set the Java Heap base and to place the Java Heap above 4GB virtual address.
# This output file may be truncated or incomplete.
#
#  Out of Memory Error (os_linux.cpp:2706), pid=10289, tid=10310
#
# JRE version: OpenJDK Runtime Environment (10.0.2+13) (build 10.0.2+13-Ubuntu-1ubuntu0.18.04.4)
# Java VM: OpenJDK 64-Bit Server VM (10.0.2+13-Ubuntu-1ubuntu0.18.04.4, mixed mode, tiered, compressed oops, g1 gc, linux-amd64)
# Core dump will be written. Default location: Core dumps may be processed with "/usr/share/apport/apport %p %s %c %d %P" (or dumping to /home/leo/IdeaProjects/risikoDraft/core.10289)
#

---------------  S U M M A R Y ------------

Command Line: -javaagent:/home/leo/Downloads/ideaIU-2018.3.5/idea-IU-183.5912.21/lib/idea_rt.jar=44425:/home/leo/Downloads/ideaIU-2018.3.5/idea-IU-183.5912.21/bin -Dfile.encoding=UTF-8 Main

Host: Intel(R) Core(TM) i5-3230M CPU @ 2.60GHz, 4 cores, 3G, Ubuntu 18.04.2 LTS
Time: Sun Mar 24 13:11:26 2019 CET elapsed time: 153 seconds (0d 0h 2m 33s)

---------------  T H R E A D  ---------------

Current thread (0x00007f38b0125800):  VMThread "VM Thread" [stack: 0x00007f38948fd000,0x00007f38949fd000] [id=10310]

Stack: [0x00007f38948fd000,0x00007f38949fd000],  sp=0x00007f38949fb0a0,  free space=1016k
Native frames: (J=compiled Java code, A=aot compiled Java code, j=interpreted, Vv=VM code, C=native code)
V  [libjvm.so+0xd27ea4]
V  [libjvm.so+0xd28a4b]
V  [libjvm.so+0x64d415]
V  [libjvm.so+0xb2d7c8]
V  [libjvm.so+0xb2601d]
V  [libjvm.so+0x7662ff]
V  [libjvm.so+0x76653e]
V  [libjvm.so+0x769500]
V  [libjvm.so+0x7efa1c]
V  [libjvm.so+0x7f06df]
V  [libjvm.so+0x7f0b59]
V  [libjvm.so+0x7162cf]
V  [libjvm.so+0x71a3ba]
V  [libjvm.so+0xd3a008]
V  [libjvm.so+0xd38871]
V  [libjvm.so+0xd35b3b]
V  [libjvm.so+0xd3715e]
V  [libjvm.so+0xd37588]
V  [libjvm.so+0xb33d40]

VM_Operation (0x00007f38b8ed5640): G1IncCollectionPause, mode: safepoint, requested by thread 0x00007f38b0013000


---------------  P R O C E S S  ---------------

Threads class SMR info:
_java_thread_list=0x00007f38580028e0, length=12, elements={
0x00007f38b0013000, 0x00007f38b012f800, 0x00007f38b0131800, 0x00007f38b0144000,
0x00007f38b0146000, 0x00007f38b0148000, 0x00007f38b014a000, 0x00007f38b014b800,
0x00007f38b01ec800, 0x00007f38b0246800, 0x00007f38b0247800, 0x00007f3858001000
}

Java Threads: ( => current thread )
  0x00007f38b0013000 JavaThread "main" [_thread_blocked, id=10290, stack(0x00007f38b8dd6000,0x00007f38b8ed7000)]
  0x00007f38b012f800 JavaThread "Reference Handler" daemon [_thread_blocked, id=10311, stack(0x00007f38947fa000,0x00007f38948fb000)]
  0x00007f38b0131800 JavaThread "Finalizer" daemon [_thread_blocked, id=10312, stack(0x00007f38946f9000,0x00007f38947fa000)]
  0x00007f38b0144000 JavaThread "Signal Dispatcher" daemon [_thread_blocked, id=10313, stack(0x00007f38945f8000,0x00007f38946f9000)]
  0x00007f38b0146000 JavaThread "C2 CompilerThread0" daemon [_thread_blocked, id=10314, stack(0x00007f38944f7000,0x00007f38945f8000)]
  0x00007f38b0148000 JavaThread "C2 CompilerThread1" daemon [_thread_blocked, id=10315, stack(0x00007f38943f6000,0x00007f38944f7000)]
  0x00007f38b014a000 JavaThread "C1 CompilerThread2" daemon [_thread_blocked, id=10316, stack(0x00007f38942f5000,0x00007f38943f6000)]
  0x00007f38b014b800 JavaThread "Sweeper thread" daemon [_thread_blocked, id=10317, stack(0x00007f38941f4000,0x00007f38942f5000)]
  0x00007f38b01ec800 JavaThread "Common-Cleaner" daemon [_thread_blocked, id=10318, stack(0x00007f38940f3000,0x00007f38941f4000)]
  0x00007f38b0246800 JavaThread "Monitor Ctrl-Break" daemon [_thread_in_native, id=10319, stack(0x00007f387d106000,0x00007f387d207000)]
  0x00007f38b0247800 JavaThread "Service Thread" daemon [_thread_blocked, id=10320, stack(0x00007f387d005000,0x00007f387d106000)]
  0x00007f3858001000 JavaThread "Attach Listener" daemon [_thread_blocked, id=10322, stack(0x00007f387cc00000,0x00007f387cd01000)]

Other Threads:
=>0x00007f38b0125800 VMThread "VM Thread" [stack: 0x00007f38948fd000,0x00007f38949fd000] [id=10310]
  0x00007f38b0244800 WatcherThread [stack: 0x00007f387cf05000,0x00007f387d005000] [id=10321]
  0x00007f38b0029800 GCTaskThread "GC Thread#0" [stack: 0x00007f38b4cfe000,0x00007f38b4dfe000] [id=10296]
  0x00007f38b002a800 GCTaskThread "GC Thread#1" [stack: 0x00007f38b4bfc000,0x00007f38b4cfc000] [id=10297]
  0x00007f38b002c800 GCTaskThread "GC Thread#2" [stack: 0x00007f38b4afa000,0x00007f38b4bfa000] [id=10298]
  0x00007f38b002e000 GCTaskThread "GC Thread#3" [stack: 0x00007f38b49f8000,0x00007f38b4af8000] [id=10299]
  0x00007f38b0064800 ConcurrentGCThread "G1 Main Marker" [stack: 0x00007f3895c85000,0x00007f3895d85000] [id=10300]
  0x00007f38b0066000 ConcurrentGCThread "G1 Conc#0" [stack: 0x00007f3895b83000,0x00007f3895c83000] [id=10301]
  0x00007f38b0097800 ConcurrentGCThread "G1 Refine#0" [stack: 0x00007f389567d000,0x00007f389577d000] [id=10302]
  0x00007f38b0099800 ConcurrentGCThread "G1 Refine#1" [stack: 0x00007f389557b000,0x00007f389567b000] [id=10303]
  0x00007f38b009b000 ConcurrentGCThread "G1 Refine#2" [stack: 0x00007f3895479000,0x00007f3895579000] [id=10304]
  0x00007f38b009d000 ConcurrentGCThread "G1 Refine#3" [stack: 0x00007f3895377000,0x00007f3895477000] [id=10305]
  0x00007f38b009e800 ConcurrentGCThread "G1 Young RemSet Sampling" [stack: 0x00007f3895275000,0x00007f3895375000] [id=10306]

Threads with active compile tasks:

VM state:at safepoint (normal execution)

VM Mutex/Monitor currently owned by a thread:  ([mutex/lock_event])
[0x00007f38b000f0c0] Threads_lock - owner thread: 0x00007f38b0125800
[0x00007f38b000f660] Heap_lock - owner thread: 0x00007f38b0013000

Heap address: 0x00000000c4c00000, size: 948 MB, Compressed Oops mode: 32-bit
Narrow klass base: 0x0000000000000000, Narrow klass shift: 3
Compressed class space size: 1073741824 Address: 0x0000000100000000

Heap:
 garbage-first heap   total 491520K, used 1534K [0x00000000c4c00000, 0x0000000100000000)
  region size 1024K, 1 young (1024K), 1 survivors (1024K)
 Metaspace       used 7776K, capacity 7925K, committed 8192K, reserved 1056768K
  class space    used 649K, capacity 682K, committed 768K, reserved 1048576K
Heap Regions: E=young(eden), S=young(survivor), O=old, HS=humongous(starts), HC=humongous(continues), CS=collection set, F=free, A=archive, TS=gc time stamp, AC=allocation context, TAMS=top-at-mark-start (previous, next)
|   0|0x00000000c4c00000, 0x00000000c4d00000, 0x00000000c4d00000|100%| O|  |TS 16|AC  0|TAMS 0x00000000c4c00000, 0x00000000c4c00000|
|   1|0x00000000c4d00000, 0x00000000c4d7d800, 0x00000000c4e00000| 49%| O|  |TS1262|AC  0|TAMS 0x00000000c4d00000, 0x00000000c4d00000|
|   2|0x00000000c4e00000, 0x00000000c4e00000, 0x00000000c4f00000|  0%| F|  |TS  0|AC  0|TAMS 0x00000000c4e00000, 0x00000000c4e00000|
|   3|0x00000000c4f00000, 0x00000000c4f00000, 0x00000000c5000000|  0%| F|  |TS  0|AC  0|TAMS 0x00000000c4f00000, 0x00000000c4f00000|
|   4|0x00000000c5000000, 0x00000000c5000000, 0x00000000c5100000|  0%| F|  |TS  0|AC  0|TAMS 0x00000000c5000000, 0x00000000c5000000|
|   5|0x00000000c5100000, 0x00000000c5100000, 0x00000000c5200000|  0%| F|  |TS  0|AC  0|TAMS 0x00000000c5100000, 0x00000000c5100000|
|   6|0x00000000c5200000, 0x00000000c5200000, 0x00000000c5300000|  0%| F|  |TS  0|AC  0|TAMS 0x00000000c5200000, 0x00000000c5200000|
|   7|0x00000000c5300000, 0x00000000c5300000, 0x00000000c5400000|  0%| F|  |TS  0|AC  0|TAMS 0x00000000c5300000, 0x00000000c5300000|
|   8|0x00000000c5400000, 0x00000000c5400000, 0x00000000c5500000|  0%| F|  |TS  0|AC  0|TAMS 0x00000000c5400000, 0x00000000c5400000|
|   9|0x00000000c5500000, 0x00000000c5500000, 0x00000000c5600000|  0%| F|  |TS  0|AC  0|TAMS 0x00000000c5500000, 0x00000000c5500000|
|  10|0x00000000c5600000, 0x00000000c5600000, 0x00000000c5700000|  0%| F|  |TS  0|AC  0|TAMS 0x00000000c5600000, 0x00000000c5600000|
|  11|0x00000000c5700000, 0x00000000c5700000, 0x00000000c5800000|  0%| F|  |TS  0|AC  0|TAMS 0x00000000c5700000, 0x00000000c5700000|
|  12|0x00000000c5800000, 0x00000000c5800000, 0x00000000c5900000|  0%| F|  |TS  0|AC  0|TAMS 0x00000000c5800000, 0x00000000c5800000|
|  13|0x00000000c5900000, 0x00000000c5900000, 0x00000000c5a00000|  0%| F|  |TS  0|AC  0|TAMS 0x00000000c5900000, 0x00000000c5900000|
|  14|0x00000000c5a00000, 0x00000000c5a00000, 0x00000000c5b00000|  0%| F|  |TS  0|AC  0|TAMS 0x00000000c5a00000, 0x00000000c5a00000|
|  15|0x00000000c5b00000, 0x00000000c5b00000, 0x00000000c5c00000|  0%| F|  |TS  0|AC  0|TAMS 0x00000000c5b00000, 0x00000000c5b00000|
|  16|0x00000000c5c00000, 0x00000000c5c00000, 0x00000000c5d00000|  0%| F|  |TS  0|AC  0|TAMS 0x00000000c5c00000, 0x00000000c5c00000|
|  17|0x00000000c5d00000, 0x00000000c5d00000, 0x00000000c5e00000|  0%| F|  |TS  0|AC  0|TAMS 0x00000000c5d00000, 0x00000000c5d00000|
|  18|0x00000000c5e00000, 0x00000000c5e00000, 0x00000000c5f00000|  0%| F|  |TS  0|AC  0|TAMS 0x00000000c5e00000, 0x00000000c5e00000|
|  19|0x00000000c5f00000, 0x00000000c5f00000, 0x00000000c6000000|  0%| F|  |TS  0|AC  0|TAMS 0x00000000c5f00000, 0x00000000c5f00000|
|  20|0x00000000c6000000, 0x00000000c6000000, 0x00000000c6100000|  0%| F|  |TS  0|AC  0|TAMS 0x00000000c6000000, 0x00000000c6000000|
|  21|0x00000000c6100000, 0x00000000c6100000, 0x00000000c6200000|  0%| F|  |TS  0|AC  0|TAMS 0x00000000c6100000, 0x00000000c6100000|
|  22|0x00000000c6200000, 0x00000000c6200000, 0x00000000c6300000|  0%| F|  |TS 15|AC  0|TAMS 0x00000000c6200000, 0x00000000c6200000|
|  23|0x00000000c6300000, 0x00000000c6300000, 0x00000000c6400000|  0%| F|  |TS 15|AC  0|TAMS 0x00000000c6300000, 0x00000000c6300000|
|  24|0x00000000c6400000, 0x00000000c6400000, 0x00000000c6500000|  0%| F|  |TS 16|AC  0|TAMS 0x00000000c6400000, 0x00000000c6400000|
|  25|0x00000000c6500000, 0x00000000c6500000, 0x00000000c6600000|  0%| F|  |TS 16|AC  0|TAMS 0x00000000c6500000, 0x00000000c6500000|
|  26|0x00000000c6600000, 0x00000000c6600000, 0x00000000c6700000|  0%| F|  |TS 15|AC  0|TAMS 0x00000000c6600000, 0x00000000c6600000|
|  27|0x00000000c6700000, 0x00000000c6700000, 0x00000000c6800000|  0%| F|  |TS 15|AC  0|TAMS 0x00000000c6700000, 0x00000000c6700000|
|  28|0x00000000c6800000, 0x00000000c6800000, 0x00000000c6900000|  0%| F|  |TS 15|AC  0|TAMS 0x00000000c6800000, 0x00000000c6800000|
|  29|0x00000000c6900000, 0x00000000c6900000, 0x00000000c6a00000|  0%| F|  |TS 15|AC  0|TAMS 0x00000000c6900000, 0x00000000c6900000|
|  30|0x00000000c6a00000, 0x00000000c6a00000, 0x00000000c6b00000|  0%| F|  |TS 15|AC  0|TAMS 0x00000000c6a00000, 0x00000000c6a00000|
|  31|0x00000000c6b00000, 0x00000000c6b00000, 0x00000000c6c00000|  0%| F|  |TS 15|AC  0|TAMS 0x00000000c6b00000, 0x00000000c6b00000|
|  32|0x00000000c6c00000, 0x00000000c6c00000, 0x00000000c6d00000|  0%| F|  |TS 15|AC  0|TAMS 0x00000000c6c00000, 0x00000000c6c00000|
|  33|0x00000000c6d00000, 0x00000000c6d00000, 0x00000000c6e00000|  0%| F|  |TS 15|AC  0|TAMS 0x00000000c6d00000, 0x00000000c6d00000|
|  34|0x00000000c6e00000, 0x00000000c6e00000, 0x00000000c6f00000|  0%| F|  |TS 15|AC  0|TAMS 0x00000000c6e00000, 0x00000000c6e00000|
|  35|0x00000000c6f00000, 0x00000000c6f00000, 0x00000000c7000000|  0%| F|  |TS 15|AC  0|TAMS 0x00000000c6f00000, 0x00000000c6f00000|
|  36|0x00000000c7000000, 0x00000000c7000000, 0x00000000c7100000|  0%| F|  |TS 15|AC  0|TAMS 0x00000000c7000000, 0x00000000c7000000|
|  37|0x00000000c7100000, 0x00000000c7100000, 0x00000000c7200000|  0%| F|  |TS 15|AC  0|TAMS 0x00000000c7100000, 0x00000000c7100000|
|  38|0x00000000c7200000, 0x00000000c7200000, 0x00000000c7300000|  0%| F|  |TS 15|AC  0|TAMS 0x00000000c7200000, 0x00000000c7200000|
|  39|0x00000000c7300000, 0x00000000c7300000, 0x00000000c7400000|  0%| F|  |TS 15|AC  0|TAMS 0x00000000c7300000, 0x00000000c7300000|
|  40|0x00000000c7400000, 0x00000000c7400000, 0x00000000c7500000|  0%| F|  |TS 15|AC  0|TAMS 0x00000000c7400000, 0x00000000c7400000|
|  41|0x00000000c7500000, 0x00000000c7500000, 0x00000000c7600000|  0%| F|  |TS 15|AC  0|TAMS 0x00000000c7500000, 0x00000000c7500000|
|  42|0x00000000c7600000, 0x00000000c7600000, 0x00000000c7700000|  0%| F|  |TS 15|AC  0|TAMS 0x00000000c7600000, 0x00000000c7600000|
|  43|0x00000000c7700000, 0x00000000c7700000, 0x00000000c7800000|  0%| F|  |TS 15|AC  0|TAMS 0x00000000c7700000, 0x00000000c7700000|
|  44|0x00000000c7800000, 0x00000000c7800000, 0x00000000c7900000|  0%| F|  |TS 15|AC  0|TAMS 0x00000000c7800000, 0x00000000c7800000|
|  45|0x00000000c7900000, 0x00000000c7900000, 0x00000000c7a00000|  0%| F|  |TS 15|AC  0|TAMS 0x00000000c7900000, 0x00000000c7900000|
|  46|0x00000000c7a00000, 0x00000000c7a00000, 0x00000000c7b00000|  0%| F|  |TS 15|AC  0|TAMS 0x00000000c7a00000, 0x00000000c7a00000|
|  47|0x00000000c7b00000, 0x00000000c7b00000, 0x00000000c7c00000|  0%| F|  |TS 15|AC  0|TAMS 0x00000000c7b00000, 0x00000000c7b00000|
|  48|0x00000000c7c00000, 0x00000000c7c00000, 0x00000000c7d00000|  0%| F|  |TS 15|AC  0|TAMS 0x00000000c7c00000, 0x00000000c7c00000|
|  49|0x00000000c7d00000, 0x00000000c7d00000, 0x00000000c7e00000|  0%| F|  |TS 15|AC  0|TAMS 0x00000000c7d00000, 0x00000000c7d00000|
|  50|0x00000000c7e00000, 0x00000000c7e00000, 0x00000000c7f00000|  0%| F|  |TS 19|AC  0|TAMS 0x00000000c7e00000, 0x00000000c7e00000|
|  51|0x00000000c7f00000, 0x00000000c7f00000, 0x00000000c8000000|  0%| F|  |TS 19|AC  0|TAMS 0x00000000c7f00000, 0x00000000c7f00000|
|  52|0x00000000c8000000, 0x00000000c8000000, 0x00000000c8100000|  0%| F|  |TS 19|AC  0|TAMS 0x00000000c8000000, 0x00000000c8000000|
|  53|0x00000000c8100000, 0x00000000c8100000, 0x00000000c8200000|  0%| F|  |TS 19|AC  0|TAMS 0x00000000c8100000, 0x00000000c8100000|
|  54|0x00000000c8200000, 0x00000000c8200000, 0x00000000c8300000|  0%| F|  |TS 19|AC  0|TAMS 0x00000000c8200000, 0x00000000c8200000|
|  55|0x00000000c8300000, 0x00000000c8300000, 0x00000000c8400000|  0%| F|  |TS 19|AC  0|TAMS 0x00000000c8300000, 0x00000000c8300000|
|  56|0x00000000c8400000, 0x00000000c8400000, 0x00000000c8500000|  0%| F|  |TS 19|AC  0|TAMS 0x00000000c8400000, 0x00000000c8400000|
|  57|0x00000000c8500000, 0x00000000c8500000, 0x00000000c8600000|  0%| F|  |TS 19|AC  0|TAMS 0x00000000c8500000, 0x00000000c8500000|
|  58|0x00000000c8600000, 0x00000000c8600000, 0x00000000c8700000|  0%| F|  |TS 19|AC  0|TAMS 0x00000000c8600000, 0x00000000c8600000|
|  59|0x00000000c8700000, 0x00000000c8700000, 0x00000000c8800000|  0%| F|  |TS 19|AC  0|TAMS 0x00000000c8700000, 0x00000000c8700000|
|  60|0x00000000c8800000, 0x00000000c8800000, 0x00000000c8900000|  0%| F|  |TS 19|AC  0|TAMS 0x00000000c8800000, 0x00000000c8800000|
|  61|0x00000000c8900000, 0x00000000c8900000, 0x00000000c8a00000|  0%| F|  |TS 19|AC  0|TAMS 0x00000000c8900000, 0x00000000c8900000|
|  62|0x00000000c8a00000, 0x00000000c8a00000, 0x00000000c8b00000|  0%| F|  |TS 19|AC  0|TAMS 0x00000000c8a00000, 0x00000000c8a00000|
|  63|0x00000000c8b00000, 0x00000000c8b00000, 0x00000000c8c00000|  0%| F|  |TS 19|AC  0|TAMS 0x00000000c8b00000, 0x00000000c8b00000|
|  64|0x00000000c8c00000, 0x00000000c8c00000, 0x00000000c8d00000|  0%| F|  |TS 19|AC  0|TAMS 0x00000000c8c00000, 0x00000000c8c00000|
|  65|0x00000000c8d00000, 0x00000000c8d00000, 0x00000000c8e00000|  0%| F|  |TS 19|AC  0|TAMS 0x00000000c8d00000, 0x00000000c8d00000|
|  66|0x00000000c8e00000, 0x00000000c8e00000, 0x00000000c8f00000|  0%| F|  |TS 19|AC  0|TAMS 0x00000000c8e00000, 0x00000000c8e00000|
|  67|0x00000000c8f00000, 0x00000000c8f00000, 0x00000000c9000000|  0%| F|  |TS 19|AC  0|TAMS 0x00000000c8f00000, 0x00000000c8f00000|
|  68|0x00000000c9000000, 0x00000000c9000000, 0x00000000c9100000|  0%| F|  |TS 19|AC  0|TAMS 0x00000000c9000000, 0x00000000c9000000|
|  69|0x00000000c9100000, 0x00000000c9100000, 0x00000000c9200000|  0%| F|  |TS 19|AC  0|TAMS 0x00000000c9100000, 0x00000000c9100000|
|  70|0x00000000c9200000, 0x00000000c9200000, 0x00000000c9300000|  0%| F|  |TS 19|AC  0|TAMS 0x00000000c9200000, 0x00000000c9200000|
|  71|0x00000000c9300000, 0x00000000c9300000, 0x00000000c9400000|  0%| F|  |TS 19|AC  0|TAMS 0x00000000c9300000, 0x00000000c9300000|
|  72|0x00000000c9400000, 0x00000000c9400000, 0x00000000c9500000|  0%| F|  |TS 19|AC  0|TAMS 0x00000000c9400000, 0x00000000c9400000|
|  73|0x00000000c9500000, 0x00000000c9500000, 0x00000000c9600000|  0%| F|  |TS 19|AC  0|TAMS 0x00000000c9500000, 0x00000000c9500000|
|  74|0x00000000c9600000, 0x00000000c9600000, 0x00000000c9700000|  0%| F|  |TS 19|AC  0|TAMS 0x00000000c9600000, 0x00000000c9600000|
|  75|0x00000000c9700000, 0x00000000c9700000, 0x00000000c9800000|  0%| F|  |TS 19|AC  0|TAMS 0x00000000c9700000, 0x00000000c9700000|
|  76|0x00000000c9800000, 0x00000000c9800000, 0x00000000c9900000|  0%| F|  |TS 19|AC  0|TAMS 0x00000000c9800000, 0x00000000c9800000|
|  77|0x00000000c9900000, 0x00000000c9900000, 0x00000000c9a00000|  0%| F|  |TS 19|AC  0|TAMS 0x00000000c9900000, 0x00000000c9900000|
|  78|0x00000000c9a00000, 0x00000000c9a00000, 0x00000000c9b00000|  0%| F|  |TS 19|AC  0|TAMS 0x00000000c9a00000, 0x00000000c9a00000|
|  79|0x00000000c9b00000, 0x00000000c9b00000, 0x00000000c9c00000|  0%| F|  |TS 19|AC  0|TAMS 0x00000000c9b00000, 0x00000000c9b00000|
|  80|0x00000000c9c00000, 0x00000000c9c00000, 0x00000000c9d00000|  0%| F|  |TS 19|AC  0|TAMS 0x00000000c9c00000, 0x00000000c9c00000|
|  81|0x00000000c9d00000, 0x00000000c9d00000, 0x00000000c9e00000|  0%| F|  |TS 19|AC  0|TAMS 0x00000000c9d00000, 0x00000000c9d00000|
|  82|0x00000000c9e00000, 0x00000000c9e00000, 0x00000000c9f00000|  0%| F|  |TS 19|AC  0|TAMS 0x00000000c9e00000, 0x00000000c9e00000|
|  83|0x00000000c9f00000, 0x00000000c9f00000, 0x00000000ca000000|  0%| F|  |TS 19|AC  0|TAMS 0x00000000c9f00000, 0x00000000c9f00000|
|  84|0x00000000ca000000, 0x00000000ca000000, 0x00000000ca100000|  0%| F|  |TS 19|AC  0|TAMS 0x00000000ca000000, 0x00000000ca000000|
|  85|0x00000000ca100000, 0x00000000ca100000, 0x00000000ca200000|  0%| F|  |TS 19|AC  0|TAMS 0x00000000ca100000, 0x00000000ca100000|
|  86|0x00000000ca200000, 0x00000000ca200000, 0x00000000ca300000|  0%| F|  |TS 19|AC  0|TAMS 0x00000000ca200000, 0x00000000ca200000|
|  87|0x00000000ca300000, 0x00000000ca300000, 0x00000000ca400000|  0%| F|  |TS 19|AC  0|TAMS 0x00000000ca300000, 0x00000000ca300000|
|  88|0x00000000ca400000, 0x00000000ca400000, 0x00000000ca500000|  0%| F|  |TS 19|AC  0|TAMS 0x00000000ca400000, 0x00000000ca400000|
|  89|0x00000000ca500000, 0x00000000ca500000, 0x00000000ca600000|  0%| F|  |TS 19|AC  0|TAMS 0x00000000ca500000, 0x00000000ca500000|
|  90|0x00000000ca600000, 0x00000000ca600000, 0x00000000ca700000|  0%| F|  |TS 19|AC  0|TAMS 0x00000000ca600000, 0x00000000ca600000|
|  91|0x00000000ca700000, 0x00000000ca700000, 0x00000000ca800000|  0%| F|  |TS 19|AC  0|TAMS 0x00000000ca700000, 0x00000000ca700000|
|  92|0x00000000ca800000, 0x00000000ca800000, 0x00000000ca900000|  0%| F|  |TS 19|AC  0|TAMS 0x00000000ca800000, 0x00000000ca800000|
|  93|0x00000000ca900000, 0x00000000ca900000, 0x00000000caa00000|  0%| F|  |TS 19|AC  0|TAMS 0x00000000ca900000, 0x00000000ca900000|
|  94|0x00000000caa00000, 0x00000000caa00000, 0x00000000cab00000|  0%| F|  |TS 19|AC  0|TAMS 0x00000000caa00000, 0x00000000caa00000|
|  95|0x00000000cab00000, 0x00000000cab00000, 0x00000000cac00000|  0%| F|  |TS 19|AC  0|TAMS 0x00000000cab00000, 0x00000000cab00000|
|  96|0x00000000cac00000, 0x00000000cac00000, 0x00000000cad00000|  0%| F|  |TS 19|AC  0|TAMS 0x00000000cac00000, 0x00000000cac00000|
|  97|0x00000000cad00000, 0x00000000cad00000, 0x00000000cae00000|  0%| F|  |TS 19|AC  0|TAMS 0x00000000cad00000, 0x00000000cad00000|
|  98|0x00000000cae00000, 0x00000000cae00000, 0x00000000caf00000|  0%| F|  |TS 29|AC  0|TAMS 0x00000000cae00000, 0x00000000cae00000|
|  99|0x00000000caf00000, 0x00000000caf00000, 0x00000000cb000000|  0%| F|  |TS 29|AC  0|TAMS 0x00000000caf00000, 0x00000000caf00000|
| 100|0x00000000cb000000, 0x00000000cb000000, 0x00000000cb100000|  0%| F|  |TS 29|AC  0|TAMS 0x00000000cb000000, 0x00000000cb000000|
| 101|0x00000000cb100000, 0x00000000cb100000, 0x00000000cb200000|  0%| F|  |TS 29|AC  0|TAMS 0x00000000cb100000, 0x00000000cb100000|
| 102|0x00000000cb200000, 0x00000000cb200000, 0x00000000cb300000|  0%| F|  |TS 29|AC  0|TAMS 0x00000000cb200000, 0x00000000cb200000|
| 103|0x00000000cb300000, 0x00000000cb300000, 0x00000000cb400000|  0%| F|  |TS 29|AC  0|TAMS 0x00000000cb300000, 0x00000000cb300000|
| 104|0x00000000cb400000, 0x00000000cb400000, 0x00000000cb500000|  0%| F|  |TS 29|AC  0|TAMS 0x00000000cb400000, 0x00000000cb400000|
| 105|0x00000000cb500000, 0x00000000cb500000, 0x00000000cb600000|  0%| F|  |TS 29|AC  0|TAMS 0x00000000cb500000, 0x00000000cb500000|
| 106|0x00000000cb600000, 0x00000000cb600000, 0x00000000cb700000|  0%| F|  |TS 29|AC  0|TAMS 0x00000000cb600000, 0x00000000cb600000|
| 107|0x00000000cb700000, 0x00000000cb700000, 0x00000000cb800000|  0%| F|  |TS 29|AC  0|TAMS 0x00000000cb700000, 0x00000000cb700000|
| 108|0x00000000cb800000, 0x00000000cb800000, 0x00000000cb900000|  0%| F|  |TS 29|AC  0|TAMS 0x00000000cb800000, 0x00000000cb800000|
| 109|0x00000000cb900000, 0x00000000cb900000, 0x00000000cba00000|  0%| F|  |TS 29|AC  0|TAMS 0x00000000cb900000, 0x00000000cb900000|
| 110|0x00000000cba00000, 0x00000000cba00000, 0x00000000cbb00000|  0%| F|  |TS 29|AC  0|TAMS 0x00000000cba00000, 0x00000000cba00000|
| 111|0x00000000cbb00000, 0x00000000cbb00000, 0x00000000cbc00000|  0%| F|  |TS 29|AC  0|TAMS 0x00000000cbb00000, 0x00000000cbb00000|
| 112|0x00000000cbc00000, 0x00000000cbc00000, 0x00000000cbd00000|  0%| F|  |TS 29|AC  0|TAMS 0x00000000cbc00000, 0x00000000cbc00000|
| 113|0x00000000cbd00000, 0x00000000cbd00000, 0x00000000cbe00000|  0%| F|  |TS 29|AC  0|TAMS 0x00000000cbd00000, 0x00000000cbd00000|
| 114|0x00000000cbe00000, 0x00000000cbe00000, 0x00000000cbf00000|  0%| F|  |TS 29|AC  0|TAMS 0x00000000cbe00000, 0x00000000cbe00000|
| 115|0x00000000cbf00000, 0x00000000cbf00000, 0x00000000cc000000|  0%| F|  |TS 29|AC  0|TAMS 0x00000000cbf00000, 0x00000000cbf00000|
| 116|0x00000000cc000000, 0x00000000cc000000, 0x00000000cc100000|  0%| F|  |TS 29|AC  0|TAMS 0x00000000cc000000, 0x00000000cc000000|
| 117|0x00000000cc100000, 0x00000000cc100000, 0x00000000cc200000|  0%| F|  |TS 29|AC  0|TAMS 0x00000000cc100000, 0x00000000cc100000|
| 118|0x00000000cc200000, 0x00000000cc200000, 0x00000000cc300000|  0%| F|  |TS 29|AC  0|TAMS 0x00000000cc200000, 0x00000000cc200000|
| 119|0x00000000cc300000, 0x00000000cc300000, 0x00000000cc400000|  0%| F|  |TS 29|AC  0|TAMS 0x00000000cc300000, 0x00000000cc300000|
| 120|0x00000000cc400000, 0x00000000cc400000, 0x00000000cc500000|  0%| F|  |TS 29|AC  0|TAMS 0x00000000cc400000, 0x00000000cc400000|
| 121|0x00000000cc500000, 0x00000000cc500000, 0x00000000cc600000|  0%| F|  |TS 29|AC  0|TAMS 0x00000000cc500000, 0x00000000cc500000|
| 122|0x00000000cc600000, 0x00000000cc600000, 0x00000000cc700000|  0%| F|  |TS 29|AC  0|TAMS 0x00000000cc600000, 0x00000000cc600000|
| 123|0x00000000cc700000, 0x00000000cc700000, 0x00000000cc800000|  0%| F|  |TS 29|AC  0|TAMS 0x00000000cc700000, 0x00000000cc700000|
| 124|0x00000000cc800000, 0x00000000cc800000, 0x00000000cc900000|  0%| F|  |TS 29|AC  0|TAMS 0x00000000cc800000, 0x00000000cc800000|
| 125|0x00000000cc900000, 0x00000000cc900000, 0x00000000cca00000|  0%| F|  |TS 29|AC  0|TAMS 0x00000000cc900000, 0x00000000cc900000|
| 126|0x00000000cca00000, 0x00000000cca00000, 0x00000000ccb00000|  0%| F|  |TS 29|AC  0|TAMS 0x00000000cca00000, 0x00000000cca00000|
| 127|0x00000000ccb00000, 0x00000000ccb00000, 0x00000000ccc00000|  0%| F|  |TS 29|AC  0|TAMS 0x00000000ccb00000, 0x00000000ccb00000|
| 128|0x00000000ccc00000, 0x00000000ccc00000, 0x00000000ccd00000|  0%| F|  |TS 29|AC  0|TAMS 0x00000000ccc00000, 0x00000000ccc00000|
| 129|0x00000000ccd00000, 0x00000000ccd00000, 0x00000000cce00000|  0%| F|  |TS 29|AC  0|TAMS 0x00000000ccd00000, 0x00000000ccd00000|
| 130|0x00000000cce00000, 0x00000000cce00000, 0x00000000ccf00000|  0%| F|  |TS 29|AC  0|TAMS 0x00000000cce00000, 0x00000000cce00000|
| 131|0x00000000ccf00000, 0x00000000ccf00000, 0x00000000cd000000|  0%| F|  |TS 29|AC  0|TAMS 0x00000000ccf00000, 0x00000000ccf00000|
| 132|0x00000000cd000000, 0x00000000cd000000, 0x00000000cd100000|  0%| F|  |TS 29|AC  0|TAMS 0x00000000cd000000, 0x00000000cd000000|
| 133|0x00000000cd100000, 0x00000000cd100000, 0x00000000cd200000|  0%| F|  |TS 29|AC  0|TAMS 0x00000000cd100000, 0x00000000cd100000|
| 134|0x00000000cd200000, 0x00000000cd200000, 0x00000000cd300000|  0%| F|  |TS 29|AC  0|TAMS 0x00000000cd200000, 0x00000000cd200000|
| 135|0x00000000cd300000, 0x00000000cd300000, 0x00000000cd400000|  0%| F|  |TS 29|AC  0|TAMS 0x00000000cd300000, 0x00000000cd300000|
| 136|0x00000000cd400000, 0x00000000cd400000, 0x00000000cd500000|  0%| F|  |TS1255|AC  0|TAMS 0x00000000cd400000, 0x00000000cd400000|
| 137|0x00000000cd500000, 0x00000000cd500000, 0x00000000cd600000|  0%| F|  |TS1254|AC  0|TAMS 0x00000000cd500000, 0x00000000cd500000|
| 138|0x00000000cd600000, 0x00000000cd600000, 0x00000000cd700000|  0%| F|  |TS1254|AC  0|TAMS 0x00000000cd600000, 0x00000000cd600000|
| 139|0x00000000cd700000, 0x00000000cd700000, 0x00000000cd800000|  0%| F|  |TS1254|AC  0|TAMS 0x00000000cd700000, 0x00000000cd700000|
| 140|0x00000000cd800000, 0x00000000cd800000, 0x00000000cd900000|  0%| F|  |TS1254|AC  0|TAMS 0x00000000cd800000, 0x00000000cd800000|
| 141|0x00000000cd900000, 0x00000000cd900000, 0x00000000cda00000|  0%| F|  |TS1254|AC  0|TAMS 0x00000000cd900000, 0x00000000cd900000|
| 142|0x00000000cda00000, 0x00000000cda00000, 0x00000000cdb00000|  0%| F|  |TS1254|AC  0|TAMS 0x00000000cda00000, 0x00000000cda00000|
| 143|0x00000000cdb00000, 0x00000000cdb00000, 0x00000000cdc00000|  0%| F|  |TS1254|AC  0|TAMS 0x00000000cdb00000, 0x00000000cdb00000|
| 144|0x00000000cdc00000, 0x00000000cdc00000, 0x00000000cdd00000|  0%| F|  |TS1254|AC  0|TAMS 0x00000000cdc00000, 0x00000000cdc00000|
| 145|0x00000000cdd00000, 0x00000000cdd00000, 0x00000000cde00000|  0%| F|  |TS1254|AC  0|TAMS 0x00000000cdd00000, 0x00000000cdd00000|
| 146|0x00000000cde00000, 0x00000000cde00000, 0x00000000cdf00000|  0%| F|  |TS1254|AC  0|TAMS 0x00000000cde00000, 0x00000000cde00000|
| 147|0x00000000cdf00000, 0x00000000cdf00000, 0x00000000ce000000|  0%| F|  |TS1254|AC  0|TAMS 0x00000000cdf00000, 0x00000000cdf00000|
| 148|0x00000000ce000000, 0x00000000ce000000, 0x00000000ce100000|  0%| F|  |TS1254|AC  0|TAMS 0x00000000ce000000, 0x00000000ce000000|
| 149|0x00000000ce100000, 0x00000000ce100000, 0x00000000ce200000|  0%| F|  |TS1254|AC  0|TAMS 0x00000000ce100000, 0x00000000ce100000|
| 150|0x00000000ce200000, 0x00000000ce200000, 0x00000000ce300000|  0%| F|  |TS1254|AC  0|TAMS 0x00000000ce200000, 0x00000000ce200000|
| 151|0x00000000ce300000, 0x00000000ce300000, 0x00000000ce400000|  0%| F|  |TS1254|AC  0|TAMS 0x00000000ce300000, 0x00000000ce300000|
| 152|0x00000000ce400000, 0x00000000ce400000, 0x00000000ce500000|  0%| F|  |TS1254|AC  0|TAMS 0x00000000ce400000, 0x00000000ce400000|
| 153|0x00000000ce500000, 0x00000000ce500000, 0x00000000ce600000|  0%| F|  |TS1254|AC  0|TAMS 0x00000000ce500000, 0x00000000ce500000|
| 154|0x00000000ce600000, 0x00000000ce600000, 0x00000000ce700000|  0%| F|  |TS1254|AC  0|TAMS 0x00000000ce600000, 0x00000000ce600000|
| 155|0x00000000ce700000, 0x00000000ce700000, 0x00000000ce800000|  0%| F|  |TS1254|AC  0|TAMS 0x00000000ce700000, 0x00000000ce700000|
| 156|0x00000000ce800000, 0x00000000ce800000, 0x00000000ce900000|  0%| F|  |TS1254|AC  0|TAMS 0x00000000ce800000, 0x00000000ce800000|
| 157|0x00000000ce900000, 0x00000000ce900000, 0x00000000cea00000|  0%| F|  |TS1254|AC  0|TAMS 0x00000000ce900000, 0x00000000ce900000|
| 158|0x00000000cea00000, 0x00000000cea00000, 0x00000000ceb00000|  0%| F|  |TS1254|AC  0|TAMS 0x00000000cea00000, 0x00000000cea00000|
| 159|0x00000000ceb00000, 0x00000000ceb00000, 0x00000000cec00000|  0%| F|  |TS1254|AC  0|TAMS 0x00000000ceb00000, 0x00000000ceb00000|
| 160|0x00000000cec00000, 0x00000000cec00000, 0x00000000ced00000|  0%| F|  |TS1254|AC  0|TAMS 0x00000000cec00000, 0x00000000cec00000|
| 161|0x00000000ced00000, 0x00000000ced00000, 0x00000000cee00000|  0%| F|  |TS1254|AC  0|TAMS 0x00000000ced00000, 0x00000000ced00000|
| 162|0x00000000cee00000, 0x00000000cee00000, 0x00000000cef00000|  0%| F|  |TS1254|AC  0|TAMS 0x00000000cee00000, 0x00000000cee00000|
| 163|0x00000000cef00000, 0x00000000cef00000, 0x00000000cf000000|  0%| F|  |TS1254|AC  0|TAMS 0x00000000cef00000, 0x00000000cef00000|
| 164|0x00000000cf000000, 0x00000000cf000000, 0x00000000cf100000|  0%| F|  |TS1254|AC  0|TAMS 0x00000000cf000000, 0x00000000cf000000|
| 165|0x00000000cf100000, 0x00000000cf100000, 0x00000000cf200000|  0%| F|  |TS1254|AC  0|TAMS 0x00000000cf100000, 0x00000000cf100000|
| 166|0x00000000cf200000, 0x00000000cf200000, 0x00000000cf300000|  0%| F|  |TS1254|AC  0|TAMS 0x00000000cf200000, 0x00000000cf200000|
| 167|0x00000000cf300000, 0x00000000cf300000, 0x00000000cf400000|  0%| F|  |TS1254|AC  0|TAMS 0x00000000cf300000, 0x00000000cf300000|
| 168|0x00000000cf400000, 0x00000000cf400000, 0x00000000cf500000|  0%| F|  |TS1254|AC  0|TAMS 0x00000000cf400000, 0x00000000cf400000|
| 169|0x00000000cf500000, 0x00000000cf500000, 0x00000000cf600000|  0%| F|  |TS1254|AC  0|TAMS 0x00000000cf500000, 0x00000000cf500000|
| 170|0x00000000cf600000, 0x00000000cf600000, 0x00000000cf700000|  0%| F|  |TS1254|AC  0|TAMS 0x00000000cf600000, 0x00000000cf600000|
| 171|0x00000000cf700000, 0x00000000cf700000, 0x00000000cf800000|  0%| F|  |TS1254|AC  0|TAMS 0x00000000cf700000, 0x00000000cf700000|
| 172|0x00000000cf800000, 0x00000000cf800000, 0x00000000cf900000|  0%| F|  |TS1254|AC  0|TAMS 0x00000000cf800000, 0x00000000cf800000|
| 173|0x00000000cf900000, 0x00000000cf900000, 0x00000000cfa00000|  0%| F|  |TS1254|AC  0|TAMS 0x00000000cf900000, 0x00000000cf900000|
| 174|0x00000000cfa00000, 0x00000000cfa00000, 0x00000000cfb00000|  0%| F|  |TS1254|AC  0|TAMS 0x00000000cfa00000, 0x00000000cfa00000|
| 175|0x00000000cfb00000, 0x00000000cfb00000, 0x00000000cfc00000|  0%| F|  |TS1254|AC  0|TAMS 0x00000000cfb00000, 0x00000000cfb00000|
| 176|0x00000000cfc00000, 0x00000000cfc00000, 0x00000000cfd00000|  0%| F|  |TS1254|AC  0|TAMS 0x00000000cfc00000, 0x00000000cfc00000|
| 177|0x00000000cfd00000, 0x00000000cfd00000, 0x00000000cfe00000|  0%| F|  |TS1254|AC  0|TAMS 0x00000000cfd00000, 0x00000000cfd00000|
| 178|0x00000000cfe00000, 0x00000000cfe00000, 0x00000000cff00000|  0%| F|  |TS1254|AC  0|TAMS 0x00000000cfe00000, 0x00000000cfe00000|
| 179|0x00000000cff00000, 0x00000000cff00000, 0x00000000d0000000|  0%| F|  |TS1254|AC  0|TAMS 0x00000000cff00000, 0x00000000cff00000|
| 180|0x00000000d0000000, 0x00000000d0000000, 0x00000000d0100000|  0%| F|  |TS1254|AC  0|TAMS 0x00000000d0000000, 0x00000000d0000000|
| 181|0x00000000d0100000, 0x00000000d0100000, 0x00000000d0200000|  0%| F|  |TS1254|AC  0|TAMS 0x00000000d0100000, 0x00000000d0100000|
| 182|0x00000000d0200000, 0x00000000d0200000, 0x00000000d0300000|  0%| F|  |TS1254|AC  0|TAMS 0x00000000d0200000, 0x00000000d0200000|
| 183|0x00000000d0300000, 0x00000000d0300000, 0x00000000d0400000|  0%| F|  |TS1254|AC  0|TAMS 0x00000000d0300000, 0x00000000d0300000|
| 184|0x00000000d0400000, 0x00000000d0400000, 0x00000000d0500000|  0%| F|  |TS1254|AC  0|TAMS 0x00000000d0400000, 0x00000000d0400000|
| 185|0x00000000d0500000, 0x00000000d0500000, 0x00000000d0600000|  0%| F|  |TS1254|AC  0|TAMS 0x00000000d0500000, 0x00000000d0500000|
| 186|0x00000000d0600000, 0x00000000d0600000, 0x00000000d0700000|  0%| F|  |TS1254|AC  0|TAMS 0x00000000d0600000, 0x00000000d0600000|
| 187|0x00000000d0700000, 0x00000000d0700000, 0x00000000d0800000|  0%| F|  |TS1254|AC  0|TAMS 0x00000000d0700000, 0x00000000d0700000|
| 188|0x00000000d0800000, 0x00000000d0800000, 0x00000000d0900000|  0%| F|  |TS1254|AC  0|TAMS 0x00000000d0800000, 0x00000000d0800000|
| 189|0x00000000d0900000, 0x00000000d0900000, 0x00000000d0a00000|  0%| F|  |TS1254|AC  0|TAMS 0x00000000d0900000, 0x00000000d0900000|
| 190|0x00000000d0a00000, 0x00000000d0a00000, 0x00000000d0b00000|  0%| F|  |TS1254|AC  0|TAMS 0x00000000d0a00000, 0x00000000d0a00000|
| 191|0x00000000d0b00000, 0x00000000d0b00000, 0x00000000d0c00000|  0%| F|  |TS1254|AC  0|TAMS 0x00000000d0b00000, 0x00000000d0b00000|
| 192|0x00000000d0c00000, 0x00000000d0c00000, 0x00000000d0d00000|  0%| F|  |TS1254|AC  0|TAMS 0x00000000d0c00000, 0x00000000d0c00000|
| 193|0x00000000d0d00000, 0x00000000d0d00000, 0x00000000d0e00000|  0%| F|  |TS1254|AC  0|TAMS 0x00000000d0d00000, 0x00000000d0d00000|
| 194|0x00000000d0e00000, 0x00000000d0e00000, 0x00000000d0f00000|  0%| F|  |TS1254|AC  0|TAMS 0x00000000d0e00000, 0x00000000d0e00000|
| 195|0x00000000d0f00000, 0x00000000d0f00000, 0x00000000d1000000|  0%| F|  |TS1254|AC  0|TAMS 0x00000000d0f00000, 0x00000000d0f00000|
| 196|0x00000000d1000000, 0x00000000d1000000, 0x00000000d1100000|  0%| F|  |TS1254|AC  0|TAMS 0x00000000d1000000, 0x00000000d1000000|
| 197|0x00000000d1100000, 0x00000000d1100000, 0x00000000d1200000|  0%| F|  |TS1254|AC  0|TAMS 0x00000000d1100000, 0x00000000d1100000|
| 198|0x00000000d1200000, 0x00000000d1200000, 0x00000000d1300000|  0%| F|  |TS1254|AC  0|TAMS 0x00000000d1200000, 0x00000000d1200000|
| 199|0x00000000d1300000, 0x00000000d1300000, 0x00000000d1400000|  0%| F|  |TS1254|AC  0|TAMS 0x00000000d1300000, 0x00000000d1300000|
| 200|0x00000000d1400000, 0x00000000d1400000, 0x00000000d1500000|  0%| F|  |TS1254|AC  0|TAMS 0x00000000d1400000, 0x00000000d1400000|
| 201|0x00000000d1500000, 0x00000000d1500000, 0x00000000d1600000|  0%| F|  |TS1254|AC  0|TAMS 0x00000000d1500000, 0x00000000d1500000|
| 202|0x00000000d1600000, 0x00000000d1600000, 0x00000000d1700000|  0%| F|  |TS1254|AC  0|TAMS 0x00000000d1600000, 0x00000000d1600000|
| 203|0x00000000d1700000, 0x00000000d1700000, 0x00000000d1800000|  0%| F|  |TS1254|AC  0|TAMS 0x00000000d1700000, 0x00000000d1700000|
| 204|0x00000000d1800000, 0x00000000d1800000, 0x00000000d1900000|  0%| F|  |TS1254|AC  0|TAMS 0x00000000d1800000, 0x00000000d1800000|
| 205|0x00000000d1900000, 0x00000000d1900000, 0x00000000d1a00000|  0%| F|  |TS1254|AC  0|TAMS 0x00000000d1900000, 0x00000000d1900000|
| 206|0x00000000d1a00000, 0x00000000d1a00000, 0x00000000d1b00000|  0%| F|  |TS1254|AC  0|TAMS 0x00000000d1a00000, 0x00000000d1a00000|
| 207|0x00000000d1b00000, 0x00000000d1b00000, 0x00000000d1c00000|  0%| F|  |TS1254|AC  0|TAMS 0x00000000d1b00000, 0x00000000d1b00000|
| 208|0x00000000d1c00000, 0x00000000d1c00000, 0x00000000d1d00000|  0%| F|  |TS1254|AC  0|TAMS 0x00000000d1c00000, 0x00000000d1c00000|
| 209|0x00000000d1d00000, 0x00000000d1d00000, 0x00000000d1e00000|  0%| F|  |TS1254|AC  0|TAMS 0x00000000d1d00000, 0x00000000d1d00000|
| 210|0x00000000d1e00000, 0x00000000d1e00000, 0x00000000d1f00000|  0%| F|  |TS1254|AC  0|TAMS 0x00000000d1e00000, 0x00000000d1e00000|
| 211|0x00000000d1f00000, 0x00000000d1f00000, 0x00000000d2000000|  0%| F|  |TS1254|AC  0|TAMS 0x00000000d1f00000, 0x00000000d1f00000|
| 212|0x00000000d2000000, 0x00000000d2000000, 0x00000000d2100000|  0%| F|  |TS1254|AC  0|TAMS 0x00000000d2000000, 0x00000000d2000000|
| 213|0x00000000d2100000, 0x00000000d2100000, 0x00000000d2200000|  0%| F|  |TS1254|AC  0|TAMS 0x00000000d2100000, 0x00000000d2100000|
| 214|0x00000000d2200000, 0x00000000d2200000, 0x00000000d2300000|  0%| F|  |TS1254|AC  0|TAMS 0x00000000d2200000, 0x00000000d2200000|
| 215|0x00000000d2300000, 0x00000000d2300000, 0x00000000d2400000|  0%| F|  |TS1254|AC  0|TAMS 0x00000000d2300000, 0x00000000d2300000|
| 216|0x00000000d2400000, 0x00000000d2400000, 0x00000000d2500000|  0%| F|  |TS1254|AC  0|TAMS 0x00000000d2400000, 0x00000000d2400000|
| 217|0x00000000d2500000, 0x00000000d2500000, 0x00000000d2600000|  0%| F|  |TS1254|AC  0|TAMS 0x00000000d2500000, 0x00000000d2500000|
| 218|0x00000000d2600000, 0x00000000d2600000, 0x00000000d2700000|  0%| F|  |TS1254|AC  0|TAMS 0x00000000d2600000, 0x00000000d2600000|
| 219|0x00000000d2700000, 0x00000000d2700000, 0x00000000d2800000|  0%| F|  |TS1254|AC  0|TAMS 0x00000000d2700000, 0x00000000d2700000|
| 220|0x00000000d2800000, 0x00000000d2800000, 0x00000000d2900000|  0%| F|  |TS1254|AC  0|TAMS 0x00000000d2800000, 0x00000000d2800000|
| 221|0x00000000d2900000, 0x00000000d2900000, 0x00000000d2a00000|  0%| F|  |TS1254|AC  0|TAMS 0x00000000d2900000, 0x00000000d2900000|
| 222|0x00000000d2a00000, 0x00000000d2a00000, 0x00000000d2b00000|  0%| F|  |TS1254|AC  0|TAMS 0x00000000d2a00000, 0x00000000d2a00000|
| 223|0x00000000d2b00000, 0x00000000d2b00000, 0x00000000d2c00000|  0%| F|  |TS1254|AC  0|TAMS 0x00000000d2b00000, 0x00000000d2b00000|
| 224|0x00000000d2c00000, 0x00000000d2c00000, 0x00000000d2d00000|  0%| F|  |TS1254|AC  0|TAMS 0x00000000d2c00000, 0x00000000d2c00000|
| 225|0x00000000d2d00000, 0x00000000d2d00000, 0x00000000d2e00000|  0%| F|  |TS1254|AC  0|TAMS 0x00000000d2d00000, 0x00000000d2d00000|
| 226|0x00000000d2e00000, 0x00000000d2e00000, 0x00000000d2f00000|  0%| F|  |TS1254|AC  0|TAMS 0x00000000d2e00000, 0x00000000d2e00000|
| 227|0x00000000d2f00000, 0x00000000d2f00000, 0x00000000d3000000|  0%| F|  |TS1254|AC  0|TAMS 0x00000000d2f00000, 0x00000000d2f00000|
| 228|0x00000000d3000000, 0x00000000d3000000, 0x00000000d3100000|  0%| F|  |TS1254|AC  0|TAMS 0x00000000d3000000, 0x00000000d3000000|
| 229|0x00000000d3100000, 0x00000000d3100000, 0x00000000d3200000|  0%| F|  |TS1254|AC  0|TAMS 0x00000000d3100000, 0x00000000d3100000|
| 230|0x00000000d3200000, 0x00000000d3200000, 0x00000000d3300000|  0%| F|  |TS1254|AC  0|TAMS 0x00000000d3200000, 0x00000000d3200000|
| 231|0x00000000d3300000, 0x00000000d3300000, 0x00000000d3400000|  0%| F|  |TS1254|AC  0|TAMS 0x00000000d3300000, 0x00000000d3300000|
| 232|0x00000000d3400000, 0x00000000d3400000, 0x00000000d3500000|  0%| F|  |TS1254|AC  0|TAMS 0x00000000d3400000, 0x00000000d3400000|
| 233|0x00000000d3500000, 0x00000000d3500000, 0x00000000d3600000|  0%| F|  |TS1254|AC  0|TAMS 0x00000000d3500000, 0x00000000d3500000|
| 234|0x00000000d3600000, 0x00000000d3600000, 0x00000000d3700000|  0%| F|  |TS1254|AC  0|TAMS 0x00000000d3600000, 0x00000000d3600000|
| 235|0x00000000d3700000, 0x00000000d3700000, 0x00000000d3800000|  0%| F|  |TS1254|AC  0|TAMS 0x00000000d3700000, 0x00000000d3700000|
| 236|0x00000000d3800000, 0x00000000d3800000, 0x00000000d3900000|  0%| F|  |TS1254|AC  0|TAMS 0x00000000d3800000, 0x00000000d3800000|
| 237|0x00000000d3900000, 0x00000000d3900000, 0x00000000d3a00000|  0%| F|  |TS1254|AC  0|TAMS 0x00000000d3900000, 0x00000000d3900000|
| 238|0x00000000d3a00000, 0x00000000d3a00000, 0x00000000d3b00000|  0%| F|  |TS1254|AC  0|TAMS 0x00000000d3a00000, 0x00000000d3a00000|
| 239|0x00000000d3b00000, 0x00000000d3b00000, 0x00000000d3c00000|  0%| F|  |TS1254|AC  0|TAMS 0x00000000d3b00000, 0x00000000d3b00000|
| 240|0x00000000d3c00000, 0x00000000d3c00000, 0x00000000d3d00000|  0%| F|  |TS1254|AC  0|TAMS 0x00000000d3c00000, 0x00000000d3c00000|
| 241|0x00000000d3d00000, 0x00000000d3d00000, 0x00000000d3e00000|  0%| F|  |TS1254|AC  0|TAMS 0x00000000d3d00000, 0x00000000d3d00000|
| 242|0x00000000d3e00000, 0x00000000d3e00000, 0x00000000d3f00000|  0%| F|  |TS1254|AC  0|TAMS 0x00000000d3e00000, 0x00000000d3e00000|
| 243|0x00000000d3f00000, 0x00000000d3f00000, 0x00000000d4000000|  0%| F|  |TS1254|AC  0|TAMS 0x00000000d3f00000, 0x00000000d3f00000|
| 244|0x00000000d4000000, 0x00000000d4000000, 0x00000000d4100000|  0%| F|  |TS1254|AC  0|TAMS 0x00000000d4000000, 0x00000000d4000000|
| 245|0x00000000d4100000, 0x00000000d4100000, 0x00000000d4200000|  0%| F|  |TS1254|AC  0|TAMS 0x00000000d4100000, 0x00000000d4100000|
| 246|0x00000000d4200000, 0x00000000d4200000, 0x00000000d4300000|  0%| F|  |TS1254|AC  0|TAMS 0x00000000d4200000, 0x00000000d4200000|
| 247|0x00000000d4300000, 0x00000000d4300000, 0x00000000d4400000|  0%| F|  |TS1254|AC  0|TAMS 0x00000000d4300000, 0x00000000d4300000|
| 248|0x00000000d4400000, 0x00000000d4400000, 0x00000000d4500000|  0%| F|  |TS1254|AC  0|TAMS 0x00000000d4400000, 0x00000000d4400000|
| 249|0x00000000d4500000, 0x00000000d4500000, 0x00000000d4600000|  0%| F|  |TS1254|AC  0|TAMS 0x00000000d4500000, 0x00000000d4500000|
| 250|0x00000000d4600000, 0x00000000d4600000, 0x00000000d4700000|  0%| F|  |TS1254|AC  0|TAMS 0x00000000d4600000, 0x00000000d4600000|
| 251|0x00000000d4700000, 0x00000000d4700000, 0x00000000d4800000|  0%| F|  |TS1254|AC  0|TAMS 0x00000000d4700000, 0x00000000d4700000|
| 252|0x00000000d4800000, 0x00000000d4800000, 0x00000000d4900000|  0%| F|  |TS1254|AC  0|TAMS 0x00000000d4800000, 0x00000000d4800000|
| 253|0x00000000d4900000, 0x00000000d4900000, 0x00000000d4a00000|  0%| F|  |TS1254|AC  0|TAMS 0x00000000d4900000, 0x00000000d4900000|
| 254|0x00000000d4a00000, 0x00000000d4a00000, 0x00000000d4b00000|  0%| F|  |TS1254|AC  0|TAMS 0x00000000d4a00000, 0x00000000d4a00000|
| 255|0x00000000d4b00000, 0x00000000d4b00000, 0x00000000d4c00000|  0%| F|  |TS1254|AC  0|TAMS 0x00000000d4b00000, 0x00000000d4b00000|
| 256|0x00000000d4c00000, 0x00000000d4c00000, 0x00000000d4d00000|  0%| F|  |TS1254|AC  0|TAMS 0x00000000d4c00000, 0x00000000d4c00000|
| 257|0x00000000d4d00000, 0x00000000d4d00000, 0x00000000d4e00000|  0%| F|  |TS1254|AC  0|TAMS 0x00000000d4d00000, 0x00000000d4d00000|
| 258|0x00000000d4e00000, 0x00000000d4e00000, 0x00000000d4f00000|  0%| F|  |TS1254|AC  0|TAMS 0x00000000d4e00000, 0x00000000d4e00000|
| 259|0x00000000d4f00000, 0x00000000d4f00000, 0x00000000d5000000|  0%| F|  |TS1254|AC  0|TAMS 0x00000000d4f00000, 0x00000000d4f00000|
| 260|0x00000000d5000000, 0x00000000d5000000, 0x00000000d5100000|  0%| F|  |TS1254|AC  0|TAMS 0x00000000d5000000, 0x00000000d5000000|
| 261|0x00000000d5100000, 0x00000000d5100000, 0x00000000d5200000|  0%| F|  |TS1254|AC  0|TAMS 0x00000000d5100000, 0x00000000d5100000|
| 262|0x00000000d5200000, 0x00000000d5200000, 0x00000000d5300000|  0%| F|  |TS1254|AC  0|TAMS 0x00000000d5200000, 0x00000000d5200000|
| 263|0x00000000d5300000, 0x00000000d5300000, 0x00000000d5400000|  0%| F|  |TS1254|AC  0|TAMS 0x00000000d5300000, 0x00000000d5300000|
| 264|0x00000000d5400000, 0x00000000d5400000, 0x00000000d5500000|  0%| F|  |TS1254|AC  0|TAMS 0x00000000d5400000, 0x00000000d5400000|
| 265|0x00000000d5500000, 0x00000000d5500000, 0x00000000d5600000|  0%| F|  |TS1254|AC  0|TAMS 0x00000000d5500000, 0x00000000d5500000|
| 266|0x00000000d5600000, 0x00000000d5600000, 0x00000000d5700000|  0%| F|  |TS1254|AC  0|TAMS 0x00000000d5600000, 0x00000000d5600000|
| 267|0x00000000d5700000, 0x00000000d5700000, 0x00000000d5800000|  0%| F|  |TS1254|AC  0|TAMS 0x00000000d5700000, 0x00000000d5700000|
| 268|0x00000000d5800000, 0x00000000d5800000, 0x00000000d5900000|  0%| F|  |TS1254|AC  0|TAMS 0x00000000d5800000, 0x00000000d5800000|
| 269|0x00000000d5900000, 0x00000000d5900000, 0x00000000d5a00000|  0%| F|  |TS1254|AC  0|TAMS 0x00000000d5900000, 0x00000000d5900000|
| 270|0x00000000d5a00000, 0x00000000d5a00000, 0x00000000d5b00000|  0%| F|  |TS1254|AC  0|TAMS 0x00000000d5a00000, 0x00000000d5a00000|
| 271|0x00000000d5b00000, 0x00000000d5b00000, 0x00000000d5c00000|  0%| F|  |TS1254|AC  0|TAMS 0x00000000d5b00000, 0x00000000d5b00000|
| 272|0x00000000d5c00000, 0x00000000d5c00000, 0x00000000d5d00000|  0%| F|  |TS1254|AC  0|TAMS 0x00000000d5c00000, 0x00000000d5c00000|
| 273|0x00000000d5d00000, 0x00000000d5d00000, 0x00000000d5e00000|  0%| F|  |TS1254|AC  0|TAMS 0x00000000d5d00000, 0x00000000d5d00000|
| 274|0x00000000d5e00000, 0x00000000d5e00000, 0x00000000d5f00000|  0%| F|  |TS1254|AC  0|TAMS 0x00000000d5e00000, 0x00000000d5e00000|
| 275|0x00000000d5f00000, 0x00000000d5f00000, 0x00000000d6000000|  0%| F|  |TS1254|AC  0|TAMS 0x00000000d5f00000, 0x00000000d5f00000|
| 276|0x00000000d6000000, 0x00000000d6000000, 0x00000000d6100000|  0%| F|  |TS1254|AC  0|TAMS 0x00000000d6000000, 0x00000000d6000000|
| 277|0x00000000d6100000, 0x00000000d6100000, 0x00000000d6200000|  0%| F|  |TS1254|AC  0|TAMS 0x00000000d6100000, 0x00000000d6100000|
| 278|0x00000000d6200000, 0x00000000d6200000, 0x00000000d6300000|  0%| F|  |TS1254|AC  0|TAMS 0x00000000d6200000, 0x00000000d6200000|
| 279|0x00000000d6300000, 0x00000000d6300000, 0x00000000d6400000|  0%| F|  |TS1254|AC  0|TAMS 0x00000000d6300000, 0x00000000d6300000|
| 280|0x00000000d6400000, 0x00000000d6400000, 0x00000000d6500000|  0%| F|  |TS1254|AC  0|TAMS 0x00000000d6400000, 0x00000000d6400000|
| 281|0x00000000d6500000, 0x00000000d6500000, 0x00000000d6600000|  0%| F|  |TS1254|AC  0|TAMS 0x00000000d6500000, 0x00000000d6500000|
| 282|0x00000000d6600000, 0x00000000d6600000, 0x00000000d6700000|  0%| F|  |TS1254|AC  0|TAMS 0x00000000d6600000, 0x00000000d6600000|
| 283|0x00000000d6700000, 0x00000000d6700000, 0x00000000d6800000|  0%| F|  |TS1254|AC  0|TAMS 0x00000000d6700000, 0x00000000d6700000|
| 284|0x00000000d6800000, 0x00000000d6800000, 0x00000000d6900000|  0%| F|  |TS1254|AC  0|TAMS 0x00000000d6800000, 0x00000000d6800000|
| 285|0x00000000d6900000, 0x00000000d6900000, 0x00000000d6a00000|  0%| F|  |TS1254|AC  0|TAMS 0x00000000d6900000, 0x00000000d6900000|
| 286|0x00000000d6a00000, 0x00000000d6a00000, 0x00000000d6b00000|  0%| F|  |TS1254|AC  0|TAMS 0x00000000d6a00000, 0x00000000d6a00000|
| 287|0x00000000d6b00000, 0x00000000d6b00000, 0x00000000d6c00000|  0%| F|  |TS1254|AC  0|TAMS 0x00000000d6b00000, 0x00000000d6b00000|
| 288|0x00000000d6c00000, 0x00000000d6c00000, 0x00000000d6d00000|  0%| F|  |TS1254|AC  0|TAMS 0x00000000d6c00000, 0x00000000d6c00000|
| 289|0x00000000d6d00000, 0x00000000d6d00000, 0x00000000d6e00000|  0%| F|  |TS1254|AC  0|TAMS 0x00000000d6d00000, 0x00000000d6d00000|
| 290|0x00000000d6e00000, 0x00000000d6e00000, 0x00000000d6f00000|  0%| F|  |TS1254|AC  0|TAMS 0x00000000d6e00000, 0x00000000d6e00000|
| 291|0x00000000d6f00000, 0x00000000d6f00000, 0x00000000d7000000|  0%| F|  |TS1254|AC  0|TAMS 0x00000000d6f00000, 0x00000000d6f00000|
| 292|0x00000000d7000000, 0x00000000d7000000, 0x00000000d7100000|  0%| F|  |TS1254|AC  0|TAMS 0x00000000d7000000, 0x00000000d7000000|
| 293|0x00000000d7100000, 0x00000000d7100000, 0x00000000d7200000|  0%| F|  |TS1254|AC  0|TAMS 0x00000000d7100000, 0x00000000d7100000|
| 294|0x00000000d7200000, 0x00000000d7200000, 0x00000000d7300000|  0%| F|  |TS1254|AC  0|TAMS 0x00000000d7200000, 0x00000000d7200000|
| 295|0x00000000d7300000, 0x00000000d7300000, 0x00000000d7400000|  0%| F|  |TS1254|AC  0|TAMS 0x00000000d7300000, 0x00000000d7300000|
| 296|0x00000000d7400000, 0x00000000d7400000, 0x00000000d7500000|  0%| F|  |TS1254|AC  0|TAMS 0x00000000d7400000, 0x00000000d7400000|
| 297|0x00000000d7500000, 0x00000000d7500000, 0x00000000d7600000|  0%| F|  |TS1254|AC  0|TAMS 0x00000000d7500000, 0x00000000d7500000|
| 298|0x00000000d7600000, 0x00000000d7600000, 0x00000000d7700000|  0%| F|  |TS1254|AC  0|TAMS 0x00000000d7600000, 0x00000000d7600000|
| 299|0x00000000d7700000, 0x00000000d7700000, 0x00000000d7800000|  0%| F|  |TS1254|AC  0|TAMS 0x00000000d7700000, 0x00000000d7700000|
| 300|0x00000000d7800000, 0x00000000d7800000, 0x00000000d7900000|  0%| F|  |TS1254|AC  0|TAMS 0x00000000d7800000, 0x00000000d7800000|
| 301|0x00000000d7900000, 0x00000000d7900000, 0x00000000d7a00000|  0%| F|  |TS1254|AC  0|TAMS 0x00000000d7900000, 0x00000000d7900000|
| 302|0x00000000d7a00000, 0x00000000d7a00000, 0x00000000d7b00000|  0%| F|  |TS1254|AC  0|TAMS 0x00000000d7a00000, 0x00000000d7a00000|
| 303|0x00000000d7b00000, 0x00000000d7b00000, 0x00000000d7c00000|  0%| F|  |TS1254|AC  0|TAMS 0x00000000d7b00000, 0x00000000d7b00000|
| 304|0x00000000d7c00000, 0x00000000d7c00000, 0x00000000d7d00000|  0%| F|  |TS1254|AC  0|TAMS 0x00000000d7c00000, 0x00000000d7c00000|
| 305|0x00000000d7d00000, 0x00000000d7d00000, 0x00000000d7e00000|  0%| F|  |TS1254|AC  0|TAMS 0x00000000d7d00000, 0x00000000d7d00000|
| 306|0x00000000d7e00000, 0x00000000d7e00000, 0x00000000d7f00000|  0%| F|  |TS1254|AC  0|TAMS 0x00000000d7e00000, 0x00000000d7e00000|
| 307|0x00000000d7f00000, 0x00000000d7f00000, 0x00000000d8000000|  0%| F|  |TS1254|AC  0|TAMS 0x00000000d7f00000, 0x00000000d7f00000|
| 308|0x00000000d8000000, 0x00000000d8000000, 0x00000000d8100000|  0%| F|  |TS1254|AC  0|TAMS 0x00000000d8000000, 0x00000000d8000000|
| 309|0x00000000d8100000, 0x00000000d8100000, 0x00000000d8200000|  0%| F|  |TS1254|AC  0|TAMS 0x00000000d8100000, 0x00000000d8100000|
| 310|0x00000000d8200000, 0x00000000d8200000, 0x00000000d8300000|  0%| F|  |TS1254|AC  0|TAMS 0x00000000d8200000, 0x00000000d8200000|
| 311|0x00000000d8300000, 0x00000000d8300000, 0x00000000d8400000|  0%| F|  |TS1254|AC  0|TAMS 0x00000000d8300000, 0x00000000d8300000|
| 312|0x00000000d8400000, 0x00000000d8400000, 0x00000000d8500000|  0%| F|  |TS1254|AC  0|TAMS 0x00000000d8400000, 0x00000000d8400000|
| 313|0x00000000d8500000, 0x00000000d8500000, 0x00000000d8600000|  0%| F|  |TS1254|AC  0|TAMS 0x00000000d8500000, 0x00000000d8500000|
| 314|0x00000000d8600000, 0x00000000d8600000, 0x00000000d8700000|  0%| F|  |TS1254|AC  0|TAMS 0x00000000d8600000, 0x00000000d8600000|
| 315|0x00000000d8700000, 0x00000000d8700000, 0x00000000d8800000|  0%| F|  |TS1254|AC  0|TAMS 0x00000000d8700000, 0x00000000d8700000|
| 316|0x00000000d8800000, 0x00000000d8800000, 0x00000000d8900000|  0%| F|  |TS1254|AC  0|TAMS 0x00000000d8800000, 0x00000000d8800000|
| 317|0x00000000d8900000, 0x00000000d8900000, 0x00000000d8a00000|  0%| F|  |TS1254|AC  0|TAMS 0x00000000d8900000, 0x00000000d8900000|
| 318|0x00000000d8a00000, 0x00000000d8a00000, 0x00000000d8b00000|  0%| F|  |TS1254|AC  0|TAMS 0x00000000d8a00000, 0x00000000d8a00000|
| 319|0x00000000d8b00000, 0x00000000d8b00000, 0x00000000d8c00000|  0%| F|  |TS1254|AC  0|TAMS 0x00000000d8b00000, 0x00000000d8b00000|
| 320|0x00000000d8c00000, 0x00000000d8c00000, 0x00000000d8d00000|  0%| F|  |TS1254|AC  0|TAMS 0x00000000d8c00000, 0x00000000d8c00000|
| 321|0x00000000d8d00000, 0x00000000d8d00000, 0x00000000d8e00000|  0%| F|  |TS1254|AC  0|TAMS 0x00000000d8d00000, 0x00000000d8d00000|
| 322|0x00000000d8e00000, 0x00000000d8e00000, 0x00000000d8f00000|  0%| F|  |TS1254|AC  0|TAMS 0x00000000d8e00000, 0x00000000d8e00000|
| 323|0x00000000d8f00000, 0x00000000d8f021b8, 0x00000000d9000000|  0%| S|CS|TS1262|AC  0|TAMS 0x00000000d8f00000, 0x00000000d8f00000|
| 324|0x00000000d9000000, 0x00000000d9000000, 0x00000000d9100000|  0%| F|  |TS1262|AC  0|TAMS 0x00000000d9000000, 0x00000000d9000000|
| 325|0x00000000d9100000, 0x00000000d9100000, 0x00000000d9200000|  0%| F|  |TS1262|AC  0|TAMS 0x00000000d9100000, 0x00000000d9100000|
| 326|0x00000000d9200000, 0x00000000d9200000, 0x00000000d9300000|  0%| F|  |TS1262|AC  0|TAMS 0x00000000d9200000, 0x00000000d9200000|
| 327|0x00000000d9300000, 0x00000000d9300000, 0x00000000d9400000|  0%| F|  |TS1262|AC  0|TAMS 0x00000000d9300000, 0x00000000d9300000|
| 328|0x00000000d9400000, 0x00000000d9400000, 0x00000000d9500000|  0%| F|  |TS1262|AC  0|TAMS 0x00000000d9400000, 0x00000000d9400000|
| 329|0x00000000d9500000, 0x00000000d9500000, 0x00000000d9600000|  0%| F|  |TS1262|AC  0|TAMS 0x00000000d9500000, 0x00000000d9500000|
| 330|0x00000000d9600000, 0x00000000d9600000, 0x00000000d9700000|  0%| F|  |TS1262|AC  0|TAMS 0x00000000d9600000, 0x00000000d9600000|
| 331|0x00000000d9700000, 0x00000000d9700000, 0x00000000d9800000|  0%| F|  |TS1262|AC  0|TAMS 0x00000000d9700000, 0x00000000d9700000|
| 332|0x00000000d9800000, 0x00000000d9800000, 0x00000000d9900000|  0%| F|  |TS1262|AC  0|TAMS 0x00000000d9800000, 0x00000000d9800000|
| 333|0x00000000d9900000, 0x00000000d9900000, 0x00000000d9a00000|  0%| F|  |TS1262|AC  0|TAMS 0x00000000d9900000, 0x00000000d9900000|
| 334|0x00000000d9a00000, 0x00000000d9a00000, 0x00000000d9b00000|  0%| F|  |TS1262|AC  0|TAMS 0x00000000d9a00000, 0x00000000d9a00000|
| 335|0x00000000d9b00000, 0x00000000d9b00000, 0x00000000d9c00000|  0%| F|  |TS1262|AC  0|TAMS 0x00000000d9b00000, 0x00000000d9b00000|
| 336|0x00000000d9c00000, 0x00000000d9c00000, 0x00000000d9d00000|  0%| F|  |TS1262|AC  0|TAMS 0x00000000d9c00000, 0x00000000d9c00000|
| 337|0x00000000d9d00000, 0x00000000d9d00000, 0x00000000d9e00000|  0%| F|  |TS1262|AC  0|TAMS 0x00000000d9d00000, 0x00000000d9d00000|
| 338|0x00000000d9e00000, 0x00000000d9e00000, 0x00000000d9f00000|  0%| F|  |TS1262|AC  0|TAMS 0x00000000d9e00000, 0x00000000d9e00000|
| 339|0x00000000d9f00000, 0x00000000d9f00000, 0x00000000da000000|  0%| F|  |TS1262|AC  0|TAMS 0x00000000d9f00000, 0x00000000d9f00000|
| 340|0x00000000da000000, 0x00000000da000000, 0x00000000da100000|  0%| F|  |TS1262|AC  0|TAMS 0x00000000da000000, 0x00000000da000000|

Card table byte_map: [0x00007f38b423e000,0x00007f38b4418000] byte_map_base: 0x00007f38b3c18000

Marking Bits (Prev, Next): (CMBitMap*) 0x00007f38b00637b0, (CMBitMap*) 0x00007f38b00637e8
 Prev Bits: [0x00007f3896c55000, 0x00007f3897b25000)
 Next Bits: [0x00007f3895d85000, 0x00007f3896c55000)

Polling page: 0x00007f38b8ef9000

CodeHeap 'non-profiled nmethods': size=120032Kb used=132Kb max_used=132Kb free=119899Kb
 bounds [0x00007f389f5ed000, 0x00007f389f85d000, 0x00007f38a6b25000]
CodeHeap 'profiled nmethods': size=120032Kb used=632Kb max_used=632Kb free=119399Kb
 bounds [0x00007f38980b5000, 0x00007f3898325000, 0x00007f389f5ed000]
CodeHeap 'non-nmethods': size=5696Kb used=1045Kb max_used=1068Kb free=4650Kb
 bounds [0x00007f3897b25000, 0x00007f3897d95000, 0x00007f38980b5000]
 total_blobs=863 nmethods=400 adapters=262
 compilation: enabled

Compilation events (10 events):
Event: 27,603 Thread 0x00007f38b014a000  396 %     3       ConsoleUserInterface::initialUnitPlacement @ 42 (186 bytes)
Event: 27,611 Thread 0x00007f38b014a000 nmethod 396% 0x00007f389813e410 code [0x00007f389813eda0, 0x00007f3898146ba8]
Event: 27,611 Thread 0x00007f38b014a000  397 %     3       ConsoleUserInterface::initialUnitPlacement @ 24 (186 bytes)
Event: 27,616 Thread 0x00007f38b014a000 nmethod 397% 0x00007f3898148c10 code [0x00007f38981495a0, 0x00007f3898151368]
Event: 27,616 Thread 0x00007f38b0148000  398 %     4       ConsoleUserInterface::initialUnitPlacement @ 24 (186 bytes)
Event: 27,623 Thread 0x00007f38b0148000 nmethod 398% 0x00007f389f60c210 code [0x00007f389f60c3e0, 0x00007f389f60c818]
Event: 27,623 Thread 0x00007f38b0146000  399       4       ConsoleUserInterface::initialUnitPlacement (186 bytes)
Event: 27,633 Thread 0x00007f38b0146000 nmethod 399 0x00007f389f60cb90 code [0x00007f389f60cd80, 0x00007f389f60d1e8]
Event: 27,634 Thread 0x00007f38b0148000  400 %     4       ConsoleUserInterface::initialUnitPlacement @ 42 (186 bytes)
Event: 27,649 Thread 0x00007f38b0148000 nmethod 400% 0x00007f389f60d690 code [0x00007f389f60d880, 0x00007f389f60de78]

GC Heap History (10 events):
Event: 153,101 GC heap after
{Heap after GC invocations=1257 (full 0):
 garbage-first heap   total 349184K, used 1534K [0x00000000c4c00000, 0x0000000100000000)
  region size 1024K, 1 young (1024K), 1 survivors (1024K)
 Metaspace       used 7776K, capacity 7925K, committed 8192K, reserved 1056768K
  class space    used 649K, capacity 682K, committed 768K, reserved 1048576K
}
Event: 153,108 GC heap before
{Heap before GC invocations=1257 (full 0):
 garbage-first heap   total 349184K, used 17918K [0x00000000c4c00000, 0x0000000100000000)
  region size 1024K, 17 young (17408K), 1 survivors (1024K)
 Metaspace       used 7776K, capacity 7925K, committed 8192K, reserved 1056768K
  class space    used 649K, capacity 682K, committed 768K, reserved 1048576K
}
Event: 153,108 GC heap after
{Heap after GC invocations=1258 (full 0):
 garbage-first heap   total 349184K, used 1532K [0x00000000c4c00000, 0x0000000100000000)
  region size 1024K, 1 young (1024K), 1 survivors (1024K)
 Metaspace       used 7776K, capacity 7925K, committed 8192K, reserved 1056768K
  class space    used 649K, capacity 682K, committed 768K, reserved 1048576K
}
Event: 153,115 GC heap before
{Heap before GC invocations=1258 (full 0):
 garbage-first heap   total 349184K, used 17916K [0x00000000c4c00000, 0x0000000100000000)
  region size 1024K, 17 young (17408K), 1 survivors (1024K)
 Metaspace       used 7776K, capacity 7925K, committed 8192K, reserved 1056768K
  class space    used 649K, capacity 682K, committed 768K, reserved 1048576K
}
Event: 153,116 GC heap after
{Heap after GC invocations=1259 (full 0):
 garbage-first heap   total 349184K, used 1530K [0x00000000c4c00000, 0x0000000100000000)
  region size 1024K, 1 young (1024K), 1 survivors (1024K)
 Metaspace       used 7776K, capacity 7925K, committed 8192K, reserved 1056768K
  class space    used 649K, capacity 682K, committed 768K, reserved 1048576K
}
Event: 153,122 GC heap before
{Heap before GC invocations=1259 (full 0):
 garbage-first heap   total 349184K, used 17914K [0x00000000c4c00000, 0x0000000100000000)
  region size 1024K, 17 young (17408K), 1 survivors (1024K)
 Metaspace       used 7776K, capacity 7925K, committed 8192K, reserved 1056768K
  class space    used 649K, capacity 682K, committed 768K, reserved 1048576K
}
Event: 153,123 GC heap after
{Heap after GC invocations=1260 (full 0):
 garbage-first heap   total 349184K, used 1534K [0x00000000c4c00000, 0x0000000100000000)
  region size 1024K, 1 young (1024K), 1 survivors (1024K)
 Metaspace       used 7776K, capacity 7925K, committed 8192K, reserved 1056768K
  class space    used 649K, capacity 682K, committed 768K, reserved 1048576K
}
Event: 153,130 GC heap before
{Heap before GC invocations=1260 (full 0):
 garbage-first heap   total 349184K, used 17918K [0x00000000c4c00000, 0x0000000100000000)
  region size 1024K, 17 young (17408K), 1 survivors (1024K)
 Metaspace       used 7776K, capacity 7925K, committed 8192K, reserved 1056768K
  class space    used 649K, capacity 682K, committed 768K, reserved 1048576K
}
Event: 153,130 GC heap after
{Heap after GC invocations=1261 (full 0):
 garbage-first heap   total 349184K, used 1534K [0x00000000c4c00000, 0x0000000100000000)
  region size 1024K, 1 young (1024K), 1 survivors (1024K)
 Metaspace       used 7776K, capacity 7925K, committed 8192K, reserved 1056768K
  class space    used 649K, capacity 682K, committed 768K, reserved 1048576K
}
Event: 153,137 GC heap before
{Heap before GC invocations=1261 (full 0):
 garbage-first heap   total 349184K, used 17918K [0x00000000c4c00000, 0x0000000100000000)
  region size 1024K, 17 young (17408K), 1 survivors (1024K)
 Metaspace       used 7776K, capacity 7925K, committed 8192K, reserved 1056768K
  class space    used 649K, capacity 682K, committed 768K, reserved 1048576K
}

Deoptimization events (8 events):
Event: 0,176 Thread 0x00007f38b0013000 Uncommon trap: reason=unstable_if action=reinterpret pc=0x00007f389f5f1968 method=java.lang.String.hashCode()I @ 14 c2
Event: 0,185 Thread 0x00007f38b0013000 Uncommon trap: reason=class_check action=maybe_recompile pc=0x00007f389f5f769c method=java.util.HashMap.putVal(ILjava/lang/Object;Ljava/lang/Object;ZZ)Ljava/lang/Object; @ 56 c2
Event: 0,199 Thread 0x00007f38b0013000 Uncommon trap: reason=class_check action=maybe_recompile pc=0x00007f389f5f769c method=java.util.HashMap.putVal(ILjava/lang/Object;Ljava/lang/Object;ZZ)Ljava/lang/Object; @ 56 c2
Event: 0,199 Thread 0x00007f38b0013000 Uncommon trap: reason=class_check action=maybe_recompile pc=0x00007f389f5f769c method=java.util.HashMap.putVal(ILjava/lang/Object;Ljava/lang/Object;ZZ)Ljava/lang/Object; @ 56 c2
Event: 0,199 Thread 0x00007f38b0013000 Uncommon trap: reason=class_check action=maybe_recompile pc=0x00007f389f5f769c method=java.util.HashMap.putVal(ILjava/lang/Object;Ljava/lang/Object;ZZ)Ljava/lang/Object; @ 56 c2
Event: 0,312 Thread 0x00007f38b0013000 Uncommon trap: reason=unstable_if action=reinterpret pc=0x00007f389f5fce8c method=java.lang.String.isLatin1()Z @ 10 c2
Event: 0,314 Thread 0x00007f38b0013000 Uncommon trap: reason=unstable_if action=reinterpret pc=0x00007f389f5f7ff8 method=java.lang.String.isLatin1()Z @ 10 c2
Event: 1,268 Thread 0x00007f3858001000 Uncommon trap: reason=unstable_if action=reinterpret pc=0x00007f389f5f6a14 method=java.lang.String.equals(Ljava/lang/Object;)Z @ 27 c2

Classes redefined (0 events):
No events

Internal exceptions (3 events):
Event: 0,263 Thread 0x00007f38b0013000 Exception <a 'java/lang/NoSuchMethodError'{0x00000000c8536a40}: java.lang.Object.lambda$negate$3(I)Z> (0x00000000c8536a40) thrown at [/build/openjdk-lts-Ae5PRQ/openjdk-lts-10.0.2+13/src/hotspot/share/interpreter/linkResolver.cpp, line 741]
Event: 0,264 Thread 0x00007f38b0013000 Exception <a 'java/lang/NoSuchMethodError'{0x00000000c8539d60}: java.lang.Object.lambda$and$0(Ljava/util/regex/Pattern$CharPredicate;I)Z> (0x00000000c8539d60) thrown at [/build/openjdk-lts-Ae5PRQ/openjdk-lts-10.0.2+13/src/hotspot/share/interpreter/linkRes
Event: 0,316 Thread 0x00007f38b0013000 Exception <a 'java/lang/NoSuchMethodError'{0x00000000c8582538}: java.lang.Object.lambda$union$2(Ljava/util/regex/Pattern$CharPredicate;I)Z> (0x00000000c8582538) thrown at [/build/openjdk-lts-Ae5PRQ/openjdk-lts-10.0.2+13/src/hotspot/share/interpreter/linkR

Events (10 events):
Event: 153,101 Executing VM operation: G1IncCollectionPause done
Event: 153,108 Executing VM operation: G1IncCollectionPause
Event: 153,108 Executing VM operation: G1IncCollectionPause done
Event: 153,115 Executing VM operation: G1IncCollectionPause
Event: 153,116 Executing VM operation: G1IncCollectionPause done
Event: 153,122 Executing VM operation: G1IncCollectionPause
Event: 153,123 Executing VM operation: G1IncCollectionPause done
Event: 153,129 Executing VM operation: G1IncCollectionPause
Event: 153,130 Executing VM operation: G1IncCollectionPause done
Event: 153,137 Executing VM operation: G1IncCollectionPause


Dynamic libraries:
c4c00000-da100000 rw-p 00000000 00:00 0 
e2c00000-100000000 ---p 00000000 00:00 0 
100000000-1000c0000 rw-p 00000000 00:00 0 
1000c0000-140000000 ---p 00000000 00:00 0 
5596d1fc0000-5596d1fc1000 r-xp 00000000 08:05 659773                     /usr/lib/jvm/java-11-openjdk-amd64/bin/java
5596d21c1000-5596d21c2000 r--p 00001000 08:05 659773                     /usr/lib/jvm/java-11-openjdk-amd64/bin/java
5596d21c2000-5596d21c3000 rw-p 00002000 08:05 659773                     /usr/lib/jvm/java-11-openjdk-amd64/bin/java
5596d2c20000-5596d2c41000 rw-p 00000000 00:00 0                          [heap]
7f382c000000-7f382c021000 rw-p 00000000 00:00 0 
7f382c021000-7f3830000000 ---p 00000000 00:00 0 
7f3834000000-7f3834021000 rw-p 00000000 00:00 0 
7f3834021000-7f3838000000 ---p 00000000 00:00 0 
7f3838000000-7f3838021000 rw-p 00000000 00:00 0 
7f3838021000-7f383c000000 ---p 00000000 00:00 0 
7f383c000000-7f383c021000 rw-p 00000000 00:00 0 
7f383c021000-7f3840000000 ---p 00000000 00:00 0 
7f3840000000-7f3840021000 rw-p 00000000 00:00 0 
7f3840021000-7f3844000000 ---p 00000000 00:00 0 
7f3844000000-7f3844216000 rw-p 00000000 00:00 0 
7f3844216000-7f3848000000 ---p 00000000 00:00 0 
7f3848000000-7f3848021000 rw-p 00000000 00:00 0 
7f3848021000-7f384c000000 ---p 00000000 00:00 0 
7f384c000000-7f384c1c7000 rw-p 00000000 00:00 0 
7f384c1c7000-7f3850000000 ---p 00000000 00:00 0 
7f3850000000-7f385011f000 rw-p 00000000 00:00 0 
7f385011f000-7f3854000000 ---p 00000000 00:00 0 
7f3854000000-7f3854021000 rw-p 00000000 00:00 0 
7f3854021000-7f3858000000 ---p 00000000 00:00 0 
7f3858000000-7f3858021000 rw-p 00000000 00:00 0 
7f3858021000-7f385c000000 ---p 00000000 00:00 0 
7f385c000000-7f385c0ef000 rw-p 00000000 00:00 0 
7f385c0ef000-7f3860000000 ---p 00000000 00:00 0 
7f3860000000-7f3860021000 rw-p 00000000 00:00 0 
7f3860021000-7f3864000000 ---p 00000000 00:00 0 
7f3864000000-7f3864021000 rw-p 00000000 00:00 0 
7f3864021000-7f3868000000 ---p 00000000 00:00 0 
7f3868000000-7f3868021000 rw-p 00000000 00:00 0 
7f3868021000-7f386c000000 ---p 00000000 00:00 0 
7f386c000000-7f386c021000 rw-p 00000000 00:00 0 
7f386c021000-7f3870000000 ---p 00000000 00:00 0 
7f3870000000-7f3870021000 rw-p 00000000 00:00 0 
7f3870021000-7f3874000000 ---p 00000000 00:00 0 
7f3874000000-7f3874021000 rw-p 00000000 00:00 0 
7f3874021000-7f3878000000 ---p 00000000 00:00 0 
7f3878000000-7f3878021000 rw-p 00000000 00:00 0 
7f3878021000-7f387c000000 ---p 00000000 00:00 0 
7f387cc00000-7f387cc04000 ---p 00000000 00:00 0 
7f387cc04000-7f387cd01000 rw-p 00000000 00:00 0 
7f387cd01000-7f387cd02000 r-xp 00000000 08:05 659835                     /usr/lib/jvm/java-11-openjdk-amd64/lib/libextnet.so
7f387cd02000-7f387cf01000 ---p 00001000 08:05 659835                     /usr/lib/jvm/java-11-openjdk-amd64/lib/libextnet.so
7f387cf01000-7f387cf02000 r--p 00000000 08:05 659835                     /usr/lib/jvm/java-11-openjdk-amd64/lib/libextnet.so
7f387cf02000-7f387cf03000 rw-p 00001000 08:05 659835                     /usr/lib/jvm/java-11-openjdk-amd64/lib/libextnet.so
7f387cf03000-7f387cf04000 ---p 00000000 00:00 0 
7f387cf04000-7f387d005000 rw-p 00000000 00:00 0 
7f387d005000-7f387d009000 ---p 00000000 00:00 0 
7f387d009000-7f387d106000 rw-p 00000000 00:00 0 
7f387d106000-7f387d10a000 ---p 00000000 00:00 0 
7f387d10a000-7f387d207000 rw-p 00000000 00:00 0 
7f387d207000-7f387d21e000 r-xp 00000000 08:05 659854                     /usr/lib/jvm/java-11-openjdk-amd64/lib/libnet.so
7f387d21e000-7f387d41d000 ---p 00017000 08:05 659854                     /usr/lib/jvm/java-11-openjdk-amd64/lib/libnet.so
7f387d41d000-7f387d41e000 r--p 00016000 08:05 659854                     /usr/lib/jvm/java-11-openjdk-amd64/lib/libnet.so
7f387d41e000-7f387d41f000 rw-p 00017000 08:05 659854                     /usr/lib/jvm/java-11-openjdk-amd64/lib/libnet.so
7f387d41f000-7f387d430000 r-xp 00000000 08:05 659855                     /usr/lib/jvm/java-11-openjdk-amd64/lib/libnio.so
7f387d430000-7f387d62f000 ---p 00011000 08:05 659855                     /usr/lib/jvm/java-11-openjdk-amd64/lib/libnio.so
7f387d62f000-7f387d630000 r--p 00010000 08:05 659855                     /usr/lib/jvm/java-11-openjdk-amd64/lib/libnio.so
7f387d630000-7f387d631000 rw-p 00011000 08:05 659855                     /usr/lib/jvm/java-11-openjdk-amd64/lib/libnio.so
7f387d631000-7f387e000000 r--p 00000000 08:05 662262                     /usr/lib/locale/locale-archive
7f387e000000-7f3880000000 rw-p 00000000 00:00 0 
7f3880000000-7f3880021000 rw-p 00000000 00:00 0 
7f3880021000-7f3884000000 ---p 00000000 00:00 0 
7f3884000000-7f3884021000 rw-p 00000000 00:00 0 
7f3884021000-7f3888000000 ---p 00000000 00:00 0 
7f3888000000-7f3888021000 rw-p 00000000 00:00 0 
7f3888021000-7f388c000000 ---p 00000000 00:00 0 
7f388c000000-7f388c021000 rw-p 00000000 00:00 0 
7f388c021000-7f3890000000 ---p 00000000 00:00 0 
7f3890000000-7f3890021000 rw-p 00000000 00:00 0 
7f3890021000-7f3894000000 ---p 00000000 00:00 0 
7f38940f3000-7f38940f7000 ---p 00000000 00:00 0 
7f38940f7000-7f38941f4000 rw-p 00000000 00:00 0 
7f38941f4000-7f38941f8000 ---p 00000000 00:00 0 
7f38941f8000-7f38942f5000 rw-p 00000000 00:00 0 
7f38942f5000-7f38942f9000 ---p 00000000 00:00 0 
7f38942f9000-7f38943f6000 rw-p 00000000 00:00 0 
7f38943f6000-7f38943fa000 ---p 00000000 00:00 0 
7f38943fa000-7f38944f7000 rw-p 00000000 00:00 0 
7f38944f7000-7f38944fb000 ---p 00000000 00:00 0 
7f38944fb000-7f38945f8000 rw-p 00000000 00:00 0 
7f38945f8000-7f38945fc000 ---p 00000000 00:00 0 
7f38945fc000-7f38946f9000 rw-p 00000000 00:00 0 
7f38946f9000-7f38946fd000 ---p 00000000 00:00 0 
7f38946fd000-7f38947fa000 rw-p 00000000 00:00 0 
7f38947fa000-7f38947fe000 ---p 00000000 00:00 0 
7f38947fe000-7f38948fb000 rw-p 00000000 00:00 0 
7f38948fb000-7f38948fc000 ---p 00000000 00:00 0 
7f38948fc000-7f38951b3000 rw-p 00000000 00:00 0 
7f38951b3000-7f3895273000 ---p 00000000 00:00 0 
7f3895273000-7f3895274000 ---p 00000000 00:00 0 
7f3895274000-7f3895375000 rw-p 00000000 00:00 0 
7f3895375000-7f3895376000 ---p 00000000 00:00 0 
7f3895376000-7f3895477000 rw-p 00000000 00:00 0 
7f3895477000-7f3895478000 ---p 00000000 00:00 0 
7f3895478000-7f3895579000 rw-p 00000000 00:00 0 
7f3895579000-7f389557a000 ---p 00000000 00:00 0 
7f389557a000-7f389567b000 rw-p 00000000 00:00 0 
7f389567b000-7f389567c000 ---p 00000000 00:00 0 
7f389567c000-7f3895b81000 rw-p 00000000 00:00 0 
7f3895b81000-7f3895b82000 ---p 00000000 00:00 0 
7f3895b82000-7f3895c83000 rw-p 00000000 00:00 0 
7f3895c83000-7f3895c84000 ---p 00000000 00:00 0 
7f3895c84000-7f38962d9000 rw-p 00000000 00:00 0 
7f38962d9000-7f3896c55000 ---p 00000000 00:00 0 
7f3896c55000-7f38971a9000 rw-p 00000000 00:00 0 
7f38971a9000-7f3897b25000 ---p 00000000 00:00 0 
7f3897b25000-7f3897d95000 rwxp 00000000 00:00 0 
7f3897d95000-7f38980b5000 ---p 00000000 00:00 0 
7f38980b5000-7f3898325000 rwxp 00000000 00:00 0 
7f3898325000-7f389f5ed000 ---p 00000000 00:00 0 
7f389f5ed000-7f389f85d000 rwxp 00000000 00:00 0 
7f389f85d000-7f38a6b25000 ---p 00000000 00:00 0 
7f38a6b25000-7f38b0000000 r--s 00000000 08:05 659864                     /usr/lib/jvm/java-11-openjdk-amd64/lib/modules
7f38b0000000-7f38b02c6000 rw-p 00000000 00:00 0 
7f38b02c6000-7f38b4000000 ---p 00000000 00:00 0 
7f38b4064000-7f38b410f000 rw-p 00000000 00:00 0 
7f38b410f000-7f38b423e000 ---p 00000000 00:00 0 
7f38b423e000-7f38b42e9000 rw-p 00000000 00:00 0 
7f38b42e9000-7f38b4418000 ---p 00000000 00:00 0 
7f38b4418000-7f38b44c3000 rw-p 00000000 00:00 0 
7f38b44c3000-7f38b45f2000 ---p 00000000 00:00 0 
7f38b45f2000-7f38b49f6000 rw-p 00000000 00:00 0 
7f38b49f6000-7f38b49f7000 ---p 00000000 00:00 0 
7f38b49f7000-7f38b4af8000 rw-p 00000000 00:00 0 
7f38b4af8000-7f38b4af9000 ---p 00000000 00:00 0 
7f38b4af9000-7f38b4bfa000 rw-p 00000000 00:00 0 
7f38b4bfa000-7f38b4bfb000 ---p 00000000 00:00 0 
7f38b4bfb000-7f38b4cfc000 rw-p 00000000 00:00 0 
7f38b4cfc000-7f38b4cfd000 ---p 00000000 00:00 0 
7f38b4cfd000-7f38b4e03000 rw-p 00000000 00:00 0 
7f38b4e03000-7f38b4ee9000 ---p 00000000 00:00 0 
7f38b4ee9000-7f38b4eee000 rw-p 00000000 00:00 0 
7f38b4eee000-7f38b4fd4000 ---p 00000000 00:00 0 
7f38b4fd4000-7f38b4fd9000 r-xp 00000000 08:05 659846                     /usr/lib/jvm/java-11-openjdk-amd64/lib/libjimage.so
7f38b4fd9000-7f38b51d8000 ---p 00005000 08:05 659846                     /usr/lib/jvm/java-11-openjdk-amd64/lib/libjimage.so
7f38b51d8000-7f38b51d9000 r--p 00004000 08:05 659846                     /usr/lib/jvm/java-11-openjdk-amd64/lib/libjimage.so
7f38b51d9000-7f38b51da000 rw-p 00005000 08:05 659846                     /usr/lib/jvm/java-11-openjdk-amd64/lib/libjimage.so
7f38b51da000-7f38b51e1000 r-xp 00000000 08:05 659863                     /usr/lib/jvm/java-11-openjdk-amd64/lib/libzip.so
7f38b51e1000-7f38b53e0000 ---p 00007000 08:05 659863                     /usr/lib/jvm/java-11-openjdk-amd64/lib/libzip.so
7f38b53e0000-7f38b53e1000 r--p 00006000 08:05 659863                     /usr/lib/jvm/java-11-openjdk-amd64/lib/libzip.so
7f38b53e1000-7f38b53e2000 rw-p 00007000 08:05 659863                     /usr/lib/jvm/java-11-openjdk-amd64/lib/libzip.so
7f38b53e2000-7f38b53ed000 r-xp 00000000 08:05 923619                     /lib/x86_64-linux-gnu/libnss_files-2.27.so
7f38b53ed000-7f38b55ec000 ---p 0000b000 08:05 923619                     /lib/x86_64-linux-gnu/libnss_files-2.27.so
7f38b55ec000-7f38b55ed000 r--p 0000a000 08:05 923619                     /lib/x86_64-linux-gnu/libnss_files-2.27.so
7f38b55ed000-7f38b55ee000 rw-p 0000b000 08:05 923619                     /lib/x86_64-linux-gnu/libnss_files-2.27.so
7f38b55ee000-7f38b55f4000 rw-p 00000000 00:00 0 
7f38b55f4000-7f38b560b000 r-xp 00000000 08:05 923613                     /lib/x86_64-linux-gnu/libnsl-2.27.so
7f38b560b000-7f38b580a000 ---p 00017000 08:05 923613                     /lib/x86_64-linux-gnu/libnsl-2.27.so
7f38b580a000-7f38b580b000 r--p 00016000 08:05 923613                     /lib/x86_64-linux-gnu/libnsl-2.27.so
7f38b580b000-7f38b580c000 rw-p 00017000 08:05 923613                     /lib/x86_64-linux-gnu/libnsl-2.27.so
7f38b580c000-7f38b580e000 rw-p 00000000 00:00 0 
7f38b580e000-7f38b5819000 r-xp 00000000 08:05 923630                     /lib/x86_64-linux-gnu/libnss_nis-2.27.so
7f38b5819000-7f38b5a18000 ---p 0000b000 08:05 923630                     /lib/x86_64-linux-gnu/libnss_nis-2.27.so
7f38b5a18000-7f38b5a19000 r--p 0000a000 08:05 923630                     /lib/x86_64-linux-gnu/libnss_nis-2.27.so
7f38b5a19000-7f38b5a1a000 rw-p 0000b000 08:05 923630                     /lib/x86_64-linux-gnu/libnss_nis-2.27.so
7f38b5a1a000-7f38b5a22000 r-xp 00000000 08:05 923615                     /lib/x86_64-linux-gnu/libnss_compat-2.27.so
7f38b5a22000-7f38b5c22000 ---p 00008000 08:05 923615                     /lib/x86_64-linux-gnu/libnss_compat-2.27.so
7f38b5c22000-7f38b5c23000 r--p 00008000 08:05 923615                     /lib/x86_64-linux-gnu/libnss_compat-2.27.so
7f38b5c23000-7f38b5c24000 rw-p 00009000 08:05 923615                     /lib/x86_64-linux-gnu/libnss_compat-2.27.so
7f38b5c24000-7f38b5c2e000 r-xp 00000000 08:05 659837                     /usr/lib/jvm/java-11-openjdk-amd64/lib/libinstrument.so
7f38b5c2e000-7f38b5e2d000 ---p 0000a000 08:05 659837                     /usr/lib/jvm/java-11-openjdk-amd64/lib/libinstrument.so
7f38b5e2d000-7f38b5e2e000 r--p 00009000 08:05 659837                     /usr/lib/jvm/java-11-openjdk-amd64/lib/libinstrument.so
7f38b5e2e000-7f38b5e2f000 rw-p 0000a000 08:05 659837                     /usr/lib/jvm/java-11-openjdk-amd64/lib/libinstrument.so
7f38b5e2f000-7f38b5e5b000 r-xp 00000000 08:05 659842                     /usr/lib/jvm/java-11-openjdk-amd64/lib/libjava.so
7f38b5e5b000-7f38b605a000 ---p 0002c000 08:05 659842                     /usr/lib/jvm/java-11-openjdk-amd64/lib/libjava.so
7f38b605a000-7f38b605b000 r--p 0002b000 08:05 659842                     /usr/lib/jvm/java-11-openjdk-amd64/lib/libjava.so
7f38b605b000-7f38b605d000 rw-p 0002c000 08:05 659842                     /usr/lib/jvm/java-11-openjdk-amd64/lib/libjava.so
7f38b605d000-7f38b606a000 r-xp 00000000 08:05 659862                     /usr/lib/jvm/java-11-openjdk-amd64/lib/libverify.so
7f38b606a000-7f38b6269000 ---p 0000d000 08:05 659862                     /usr/lib/jvm/java-11-openjdk-amd64/lib/libverify.so
7f38b6269000-7f38b626b000 r--p 0000c000 08:05 659862                     /usr/lib/jvm/java-11-openjdk-amd64/lib/libverify.so
7f38b626b000-7f38b626c000 rw-p 0000e000 08:05 659862                     /usr/lib/jvm/java-11-openjdk-amd64/lib/libverify.so
7f38b626c000-7f38b6273000 r-xp 00000000 08:05 923670                     /lib/x86_64-linux-gnu/librt-2.27.so
7f38b6273000-7f38b6472000 ---p 00007000 08:05 923670                     /lib/x86_64-linux-gnu/librt-2.27.so
7f38b6472000-7f38b6473000 r--p 00006000 08:05 923670                     /lib/x86_64-linux-gnu/librt-2.27.so
7f38b6473000-7f38b6474000 rw-p 00007000 08:05 923670                     /lib/x86_64-linux-gnu/librt-2.27.so
7f38b6474000-7f38b648b000 r-xp 00000000 08:05 936241                     /lib/x86_64-linux-gnu/libgcc_s.so.1
7f38b648b000-7f38b668a000 ---p 00017000 08:05 936241                     /lib/x86_64-linux-gnu/libgcc_s.so.1
7f38b668a000-7f38b668b000 r--p 00016000 08:05 936241                     /lib/x86_64-linux-gnu/libgcc_s.so.1
7f38b668b000-7f38b668c000 rw-p 00017000 08:05 936241                     /lib/x86_64-linux-gnu/libgcc_s.so.1
7f38b668c000-7f38b6829000 r-xp 00000000 08:05 923592                     /lib/x86_64-linux-gnu/libm-2.27.so
7f38b6829000-7f38b6a28000 ---p 0019d000 08:05 923592                     /lib/x86_64-linux-gnu/libm-2.27.so
7f38b6a28000-7f38b6a29000 r--p 0019c000 08:05 923592                     /lib/x86_64-linux-gnu/libm-2.27.so
7f38b6a29000-7f38b6a2a000 rw-p 0019d000 08:05 923592                     /lib/x86_64-linux-gnu/libm-2.27.so
7f38b6a2a000-7f38b6ba3000 r-xp 00000000 08:05 687140                     /usr/lib/x86_64-linux-gnu/libstdc++.so.6.0.25
7f38b6ba3000-7f38b6da3000 ---p 00179000 08:05 687140                     /usr/lib/x86_64-linux-gnu/libstdc++.so.6.0.25
7f38b6da3000-7f38b6dad000 r--p 00179000 08:05 687140                     /usr/lib/x86_64-linux-gnu/libstdc++.so.6.0.25
7f38b6dad000-7f38b6daf000 rw-p 00183000 08:05 687140                     /usr/lib/x86_64-linux-gnu/libstdc++.so.6.0.25
7f38b6daf000-7f38b6db3000 rw-p 00000000 00:00 0 
7f38b6db3000-7f38b7d50000 r-xp 00000000 08:05 659867                     /usr/lib/jvm/java-11-openjdk-amd64/lib/server/libjvm.so
7f38b7d50000-7f38b7f50000 ---p 00f9d000 08:05 659867                     /usr/lib/jvm/java-11-openjdk-amd64/lib/server/libjvm.so
7f38b7f50000-7f38b8014000 r--p 00f9d000 08:05 659867                     /usr/lib/jvm/java-11-openjdk-amd64/lib/server/libjvm.so
7f38b8014000-7f38b804c000 rw-p 01061000 08:05 659867                     /usr/lib/jvm/java-11-openjdk-amd64/lib/server/libjvm.so
7f38b804c000-7f38b8095000 rw-p 00000000 00:00 0 
7f38b8095000-7f38b80af000 r-xp 00000000 08:05 923662                     /lib/x86_64-linux-gnu/libpthread-2.27.so
7f38b80af000-7f38b82ae000 ---p 0001a000 08:05 923662                     /lib/x86_64-linux-gnu/libpthread-2.27.so
7f38b82ae000-7f38b82af000 r--p 00019000 08:05 923662                     /lib/x86_64-linux-gnu/libpthread-2.27.so
7f38b82af000-7f38b82b0000 rw-p 0001a000 08:05 923662                     /lib/x86_64-linux-gnu/libpthread-2.27.so
7f38b82b0000-7f38b82b4000 rw-p 00000000 00:00 0 
7f38b82b4000-7f38b82b7000 r-xp 00000000 08:05 923552                     /lib/x86_64-linux-gnu/libdl-2.27.so
7f38b82b7000-7f38b84b6000 ---p 00003000 08:05 923552                     /lib/x86_64-linux-gnu/libdl-2.27.so
7f38b84b6000-7f38b84b7000 r--p 00002000 08:05 923552                     /lib/x86_64-linux-gnu/libdl-2.27.so
7f38b84b7000-7f38b84b8000 rw-p 00003000 08:05 923552                     /lib/x86_64-linux-gnu/libdl-2.27.so
7f38b84b8000-7f38b84d4000 r-xp 00000000 08:05 923701                     /lib/x86_64-linux-gnu/libz.so.1.2.11
7f38b84d4000-7f38b86d3000 ---p 0001c000 08:05 923701                     /lib/x86_64-linux-gnu/libz.so.1.2.11
7f38b86d3000-7f38b86d4000 r--p 0001b000 08:05 923701                     /lib/x86_64-linux-gnu/libz.so.1.2.11
7f38b86d4000-7f38b86d5000 rw-p 0001c000 08:05 923701                     /lib/x86_64-linux-gnu/libz.so.1.2.11
7f38b86d5000-7f38b88bc000 r-xp 00000000 08:05 923529                     /lib/x86_64-linux-gnu/libc-2.27.so
7f38b88bc000-7f38b8abc000 ---p 001e7000 08:05 923529                     /lib/x86_64-linux-gnu/libc-2.27.so
7f38b8abc000-7f38b8ac0000 r--p 001e7000 08:05 923529                     /lib/x86_64-linux-gnu/libc-2.27.so
7f38b8ac0000-7f38b8ac2000 rw-p 001eb000 08:05 923529                     /lib/x86_64-linux-gnu/libc-2.27.so
7f38b8ac2000-7f38b8ac6000 rw-p 00000000 00:00 0 
7f38b8ac6000-7f38b8ad5000 r-xp 00000000 08:05 659827                     /usr/lib/jvm/java-11-openjdk-amd64/lib/jli/libjli.so
7f38b8ad5000-7f38b8cd4000 ---p 0000f000 08:05 659827                     /usr/lib/jvm/java-11-openjdk-amd64/lib/jli/libjli.so
7f38b8cd4000-7f38b8cd5000 r--p 0000e000 08:05 659827                     /usr/lib/jvm/java-11-openjdk-amd64/lib/jli/libjli.so
7f38b8cd5000-7f38b8cd6000 rw-p 0000f000 08:05 659827                     /usr/lib/jvm/java-11-openjdk-amd64/lib/jli/libjli.so
7f38b8cd6000-7f38b8cfd000 r-xp 00000000 08:05 923501                     /lib/x86_64-linux-gnu/ld-2.27.so
7f38b8d3f000-7f38b8dd6000 rw-p 00000000 00:00 0 
7f38b8dd6000-7f38b8dda000 ---p 00000000 00:00 0 
7f38b8dda000-7f38b8ed9000 rw-p 00000000 00:00 0 
7f38b8ee4000-7f38b8eea000 rw-p 00000000 00:00 0 
7f38b8eea000-7f38b8ef1000 ---p 00000000 00:00 0 
7f38b8ef1000-7f38b8ef9000 rw-s 00000000 08:05 532136                     /tmp/hsperfdata_leo/10289
7f38b8ef9000-7f38b8efa000 ---p 00000000 00:00 0 
7f38b8efa000-7f38b8efb000 r--p 00000000 00:00 0 
7f38b8efb000-7f38b8efd000 rw-p 00000000 00:00 0 
7f38b8efd000-7f38b8efe000 r--p 00027000 08:05 923501                     /lib/x86_64-linux-gnu/ld-2.27.so
7f38b8efe000-7f38b8eff000 rw-p 00028000 08:05 923501                     /lib/x86_64-linux-gnu/ld-2.27.so
7f38b8eff000-7f38b8f00000 rw-p 00000000 00:00 0 
7ffe01106000-7ffe01127000 rw-p 00000000 00:00 0                          [stack]
7ffe011b1000-7ffe011b4000 r--p 00000000 00:00 0                          [vvar]
7ffe011b4000-7ffe011b6000 r-xp 00000000 00:00 0                          [vdso]
ffffffffff600000-ffffffffff601000 r-xp 00000000 00:00 0                  [vsyscall]


VM Arguments:
jvm_args: -javaagent:/home/leo/Downloads/ideaIU-2018.3.5/idea-IU-183.5912.21/lib/idea_rt.jar=44425:/home/leo/Downloads/ideaIU-2018.3.5/idea-IU-183.5912.21/bin -Dfile.encoding=UTF-8 
java_command: Main
java_class_path (initial): /home/leo/IdeaProjects/risikoDraft/out/production/risikoDraft
Launcher Type: SUN_STANDARD

Logging:
Log output configuration:
#0: stdout all=warning uptime,level,tags
#1: stderr all=off uptime,level,tags

Environment Variables:
JAVA_HOME=/usr/lib/jvm/java-8-oracle
PATH=/home/leo/.local/bin:/usr/local/sbin:/usr/local/bin:/usr/sbin:/usr/bin:/sbin:/bin:/usr/games:/usr/local/games:/snap/bin:/usr/lib/jvm/java-8-oracle/bin:/usr/lib/jvm/java-8-oracle/db/bin:/usr/lib/jvm/java-8-oracle/jre/bin
USERNAME=leo
SHELL=/bin/bash
DISPLAY=:0

Signal Handlers:
SIGSEGV: [libjvm.so+0xd28b70], sa_mask[0]=11111111011111111101111111111110, sa_flags=SA_RESTART|SA_SIGINFO
SIGBUS: [libjvm.so+0xd28b70], sa_mask[0]=11111111011111111101111111111110, sa_flags=SA_RESTART|SA_SIGINFO
SIGFPE: [libjvm.so+0xd28b70], sa_mask[0]=11111111011111111101111111111110, sa_flags=SA_RESTART|SA_SIGINFO
SIGPIPE: [libjvm.so+0xb2a1f0], sa_mask[0]=11111111011111111101111111111110, sa_flags=SA_RESTART|SA_SIGINFO
SIGXFSZ: [libjvm.so+0xb2a1f0], sa_mask[0]=11111111011111111101111111111110, sa_flags=SA_RESTART|SA_SIGINFO
SIGILL: [libjvm.so+0xd28b70], sa_mask[0]=11111111011111111101111111111110, sa_flags=SA_RESTART|SA_SIGINFO
SIGUSR2: [libjvm.so+0xb2a030], sa_mask[0]=00100000000000000000000000000000, sa_flags=SA_RESTART|SA_SIGINFO
SIGHUP: [libjvm.so+0xb2a180], sa_mask[0]=11111111011111111101111111111110, sa_flags=SA_RESTART|SA_SIGINFO
SIGINT: [libjvm.so+0xb2a180], sa_mask[0]=11111111011111111101111111111110, sa_flags=SA_RESTART|SA_SIGINFO
SIGTERM: [libjvm.so+0xb2a180], sa_mask[0]=11111111011111111101111111111110, sa_flags=SA_RESTART|SA_SIGINFO
SIGQUIT: [libjvm.so+0xb2a180], sa_mask[0]=11111111011111111101111111111110, sa_flags=SA_RESTART|SA_SIGINFO


---------------  S Y S T E M  ---------------

OS:DISTRIB_ID=Ubuntu
DISTRIB_RELEASE=18.04
DISTRIB_CODENAME=bionic
DISTRIB_DESCRIPTION="Ubuntu 18.04.2 LTS"
uname:Linux 4.15.0-46-generic #49-Ubuntu SMP Wed Feb 6 09:33:07 UTC 2019 x86_64
libc:glibc 2.27 NPTL 2.27 
rlimit: STACK 8192k, CORE 0k, NPROC 14971, NOFILE 1048576, AS infinity, DATA infinity, FSIZE infinity
load average:10,09 4,01 2,04

/proc/meminfo:
MemTotal:        3875948 kB
MemFree:          116316 kB
MemAvailable:      43292 kB
Buffers:            1884 kB
Cached:           310284 kB
SwapCached:         1644 kB
Active:          2915932 kB
Inactive:         608304 kB
Active(anon):    2889784 kB
Inactive(anon):   577964 kB
Active(file):      26148 kB
Inactive(file):    30340 kB
Unevictable:          32 kB
Mlocked:              32 kB
SwapTotal:        902700 kB
SwapFree:              0 kB
Dirty:               304 kB
Writeback:           168 kB
AnonPages:       3210576 kB
Mapped:           213820 kB
Shmem:            255592 kB
Slab:              98308 kB
SReclaimable:      41480 kB
SUnreclaim:        56828 kB
KernelStack:       16688 kB
PageTables:        55140 kB
NFS_Unstable:          0 kB
Bounce:                0 kB
WritebackTmp:          0 kB
CommitLimit:     2840672 kB
Committed_AS:   10043612 kB
VmallocTotal:   34359738367 kB
VmallocUsed:           0 kB
VmallocChunk:          0 kB
HardwareCorrupted:     0 kB
AnonHugePages:         0 kB
ShmemHugePages:        0 kB
ShmemPmdMapped:        0 kB
CmaTotal:              0 kB
CmaFree:               0 kB
HugePages_Total:       0
HugePages_Free:        0
HugePages_Rsvd:        0
HugePages_Surp:        0
Hugepagesize:       2048 kB
DirectMap4k:      230140 kB
DirectMap2M:     3799040 kB

container (cgroup) information:
container_type: cgroupv1
cpu_cpuset_cpus: 0-3
cpu_memory_nodes: 0
active_processor_count: 4
cpu_quota: -1
cpu_period: 100000
cpu_shares: -1
memory_limit_in_bytes: -1
memory_and_swap_limit_in_bytes: -2
memory_soft_limit_in_bytes: -1
memory_usage_in_bytes: 3607937024
memory_max_usage_in_bytes: 0


CPU:total 4 (initial active 4) (2 cores per cpu, 2 threads per core) family 6 model 58 stepping 9, cmov, cx8, fxsr, mmx, sse, sse2, sse3, ssse3, sse4.1, sse4.2, popcnt, avx, aes, clmul, erms, ht, tsc, tscinvbit, tscinv
CPU Model and flags from /proc/cpuinfo:
model name	: Intel(R) Core(TM) i5-3230M CPU @ 2.60GHz
flags		: fpu vme de pse tsc msr pae mce cx8 apic sep mtrr pge mca cmov pat pse36 clflush dts acpi mmx fxsr sse sse2 ss ht tm pbe syscall nx rdtscp lm constant_tsc arch_perfmon pebs bts rep_good nopl xtopology nonstop_tsc cpuid aperfmperf pni pclmulqdq dtes64 monitor ds_cpl vmx est tm2 ssse3 cx16 xtpr pdcm pcid sse4_1 sse4_2 x2apic popcnt tsc_deadline_timer aes xsave avx f16c rdrand lahf_lm cpuid_fault epb pti ssbd ibrs ibpb stibp tpr_shadow vnmi flexpriority ept vpid fsgsbase smep erms xsaveopt dtherm ida arat pln pts flush_l1d

Memory: 4k page, physical 3875948k(116192k free), swap 902700k(0k free)

vm_info: OpenJDK 64-Bit Server VM (10.0.2+13-Ubuntu-1ubuntu0.18.04.4) for linux-amd64 JRE (10.0.2+13-Ubuntu-1ubuntu0.18.04.4), built on Nov 13 2018 12:53:39 by "buildd" with gcc 7.3.0

END.
